10:30:47.216 INFO  [main][QuestionnaireSystemApplication.logStarting(StartupInfoLogger.java:55)] Starting QuestionnaireSystemApplication using Java 17.0.2 on LAPTOP-M33DMIJP with PID 15392 (D:\QuestionnaireSystem java11\QuestionnaireSystem\bin\main started by user in D:\QuestionnaireSystem java11\QuestionnaireSystem)
10:30:47.219 INFO  [main][QuestionnaireSystemApplication.logStartupProfileInfo(SpringApplication.java:634)] No active profile set, falling back to 1 default profile: "default"
10:30:48.292 INFO  [main][RepositoryConfigurationDelegate.registerRepositoriesIn(RepositoryConfigurationDelegate.java:132)] Bootstrapping Spring Data JPA repositories in DEFAULT mode.
10:30:48.389 INFO  [main][RepositoryConfigurationDelegate.registerRepositoriesIn(RepositoryConfigurationDelegate.java:201)] Finished Spring Data repository scanning in 82 ms. Found 5 JPA repository interfaces.
10:30:49.071 INFO  [main][TomcatWebServer.initialize(TomcatWebServer.java:108)] Tomcat initialized with port(s): 8088 (http)
10:30:49.085 INFO  [main][Http11NioProtocol.log(DirectJDKLog.java:173)] Initializing ProtocolHandler ["http-nio-8088"]
10:30:49.086 INFO  [main][StandardService.log(DirectJDKLog.java:173)] Starting service [Tomcat]
10:30:49.086 INFO  [main][StandardEngine.log(DirectJDKLog.java:173)] Starting Servlet engine: [Apache Tomcat/9.0.65]
10:30:49.208 INFO  [main][[/].log(DirectJDKLog.java:173)] Initializing Spring embedded WebApplicationContext
10:30:49.209 INFO  [main][ServletWebServerApplicationContext.prepareWebApplicationContext(ServletWebServerApplicationContext.java:292)] Root WebApplicationContext: initialization completed in 1932 ms
10:30:49.375 INFO  [main][HikariDataSource.getConnection(HikariDataSource.java:110)] HikariPool-1 - Starting...
10:30:49.743 INFO  [main][HikariDataSource.getConnection(HikariDataSource.java:123)] HikariPool-1 - Start completed.
10:30:49.796 INFO  [main][LogHelper.logPersistenceUnitInformation(LogHelper.java:31)] HHH000204: Processing PersistenceUnitInfo [name: default]
10:30:49.870 INFO  [main][Version.logVersion(Version.java:44)] HHH000412: Hibernate ORM core version 5.6.10.Final
10:30:50.100 INFO  [main][Version.<clinit>(JavaReflectionManager.java:56)] HCANN000001: Hibernate Commons Annotations {5.1.2.Final}
10:30:50.243 INFO  [main][Dialect.<init>(Dialect.java:175)] HHH000400: Using dialect: org.hibernate.dialect.MySQL8Dialect
10:30:50.800 INFO  [main][JtaPlatformInitiator.initiateService(JtaPlatformInitiator.java:52)] HHH000490: Using JtaPlatform implementation: [org.hibernate.engine.transaction.jta.platform.internal.NoJtaPlatform]
10:30:50.807 INFO  [main][LocalContainerEntityManagerFactoryBean.buildNativeEntityManagerFactory(AbstractEntityManagerFactoryBean.java:437)] Initialized JPA EntityManagerFactory for persistence unit 'default'
10:30:51.282 WARN  [main][JpaBaseConfiguration$JpaWebConfiguration.openEntityManagerInViewInterceptor(JpaBaseConfiguration.java:219)] spring.jpa.open-in-view is enabled by default. Therefore, database queries may be performed during view rendering. Explicitly configure spring.jpa.open-in-view to disable this warning
10:30:51.422 INFO  [main][WelcomePageHandlerMapping.<init>(WelcomePageHandlerMapping.java:57)] Adding welcome page template: index
10:30:51.647 INFO  [main][Http11NioProtocol.log(DirectJDKLog.java:173)] Starting ProtocolHandler ["http-nio-8088"]
10:30:51.705 INFO  [main][TomcatWebServer.start(TomcatWebServer.java:220)] Tomcat started on port(s): 8088 (http) with context path ''
10:30:51.712 INFO  [main][QuestionnaireSystemApplication.logStarted(StartupInfoLogger.java:61)] Started QuestionnaireSystemApplication in 4.946 seconds (JVM running for 5.606)
15:59:23.637 INFO  [main][QuestionnaireSystemApplication.logStarting(StartupInfoLogger.java:55)] Starting QuestionnaireSystemApplication using Java 17.0.2 on LAPTOP-M33DMIJP with PID 14912 (D:\QuestionnaireSystem java11\QuestionnaireSystem\bin\main started by user in D:\QuestionnaireSystem java11\QuestionnaireSystem)
15:59:23.640 INFO  [main][QuestionnaireSystemApplication.logStartupProfileInfo(SpringApplication.java:634)] No active profile set, falling back to 1 default profile: "default"
15:59:24.285 INFO  [main][RepositoryConfigurationDelegate.registerRepositoriesIn(RepositoryConfigurationDelegate.java:132)] Bootstrapping Spring Data JPA repositories in DEFAULT mode.
15:59:24.355 INFO  [main][RepositoryConfigurationDelegate.registerRepositoriesIn(RepositoryConfigurationDelegate.java:201)] Finished Spring Data repository scanning in 60 ms. Found 5 JPA repository interfaces.
15:59:24.963 INFO  [main][TomcatWebServer.initialize(TomcatWebServer.java:108)] Tomcat initialized with port(s): 8088 (http)
15:59:24.972 INFO  [main][Http11NioProtocol.log(DirectJDKLog.java:173)] Initializing ProtocolHandler ["http-nio-8088"]
15:59:24.972 INFO  [main][StandardService.log(DirectJDKLog.java:173)] Starting service [Tomcat]
15:59:24.972 INFO  [main][StandardEngine.log(DirectJDKLog.java:173)] Starting Servlet engine: [Apache Tomcat/9.0.65]
15:59:25.127 INFO  [main][[/].log(DirectJDKLog.java:173)] Initializing Spring embedded WebApplicationContext
15:59:25.128 INFO  [main][ServletWebServerApplicationContext.prepareWebApplicationContext(ServletWebServerApplicationContext.java:292)] Root WebApplicationContext: initialization completed in 1439 ms
15:59:25.277 INFO  [main][HikariDataSource.getConnection(HikariDataSource.java:110)] HikariPool-1 - Starting...
15:59:25.611 INFO  [main][HikariDataSource.getConnection(HikariDataSource.java:123)] HikariPool-1 - Start completed.
15:59:25.659 INFO  [main][LogHelper.logPersistenceUnitInformation(LogHelper.java:31)] HHH000204: Processing PersistenceUnitInfo [name: default]
15:59:25.700 INFO  [main][Version.logVersion(Version.java:44)] HHH000412: Hibernate ORM core version 5.6.10.Final
15:59:25.862 INFO  [main][Version.<clinit>(JavaReflectionManager.java:56)] HCANN000001: Hibernate Commons Annotations {5.1.2.Final}
15:59:25.978 INFO  [main][Dialect.<init>(Dialect.java:175)] HHH000400: Using dialect: org.hibernate.dialect.MySQL8Dialect
15:59:26.450 INFO  [main][JtaPlatformInitiator.initiateService(JtaPlatformInitiator.java:52)] HHH000490: Using JtaPlatform implementation: [org.hibernate.engine.transaction.jta.platform.internal.NoJtaPlatform]
15:59:26.458 INFO  [main][LocalContainerEntityManagerFactoryBean.buildNativeEntityManagerFactory(AbstractEntityManagerFactoryBean.java:437)] Initialized JPA EntityManagerFactory for persistence unit 'default'
15:59:26.901 WARN  [main][JpaBaseConfiguration$JpaWebConfiguration.openEntityManagerInViewInterceptor(JpaBaseConfiguration.java:219)] spring.jpa.open-in-view is enabled by default. Therefore, database queries may be performed during view rendering. Explicitly configure spring.jpa.open-in-view to disable this warning
15:59:27.031 INFO  [main][WelcomePageHandlerMapping.<init>(WelcomePageHandlerMapping.java:57)] Adding welcome page template: index
15:59:27.243 INFO  [main][Http11NioProtocol.log(DirectJDKLog.java:173)] Starting ProtocolHandler ["http-nio-8088"]
15:59:27.248 WARN  [main][AnnotationConfigServletWebServerApplicationContext.refresh(AbstractApplicationContext.java:591)] Exception encountered during context initialization - cancelling refresh attempt: org.springframework.context.ApplicationContextException: Failed to start bean 'webServerStartStop'; nested exception is org.springframework.boot.web.server.PortInUseException: Port 8088 is already in use
15:59:27.250 INFO  [main][LocalContainerEntityManagerFactoryBean.destroy(AbstractEntityManagerFactoryBean.java:651)] Closing JPA EntityManagerFactory for persistence unit 'default'
15:59:27.252 INFO  [main][HikariDataSource.close(HikariDataSource.java:350)] HikariPool-1 - Shutdown initiated...
15:59:27.258 INFO  [main][HikariDataSource.close(HikariDataSource.java:352)] HikariPool-1 - Shutdown completed.
15:59:27.260 INFO  [main][Http11NioProtocol.log(DirectJDKLog.java:173)] Pausing ProtocolHandler ["http-nio-8088"]
15:59:27.260 INFO  [main][StandardService.log(DirectJDKLog.java:173)] Stopping service [Tomcat]
15:59:27.397 INFO  [main][Http11NioProtocol.log(DirectJDKLog.java:173)] Stopping ProtocolHandler ["http-nio-8088"]
15:59:27.398 INFO  [main][Http11NioProtocol.log(DirectJDKLog.java:173)] Destroying ProtocolHandler ["http-nio-8088"]
15:59:27.404 INFO  [main][ConditionEvaluationReportLoggingListener.logMessage(ConditionEvaluationReportLoggingListener.java:136)] 

Error starting ApplicationContext. To display the conditions report re-run your application with 'debug' enabled.
15:59:27.423 ERROR [main][LoggingFailureAnalysisReporter.report(LoggingFailureAnalysisReporter.java:40)] 

***************************
APPLICATION FAILED TO START
***************************

Description:

Web server failed to start. Port 8088 was already in use.

Action:

Identify and stop the process that's listening on port 8088 or configure this application to listen on another port.

15:59:37.971 INFO  [main][QuestionnaireSystemApplication.logStarting(StartupInfoLogger.java:55)] Starting QuestionnaireSystemApplication using Java 17.0.2 on LAPTOP-M33DMIJP with PID 3700 (D:\QuestionnaireSystem java11\QuestionnaireSystem\bin\main started by user in D:\QuestionnaireSystem java11\QuestionnaireSystem)
15:59:37.975 INFO  [main][QuestionnaireSystemApplication.logStartupProfileInfo(SpringApplication.java:634)] No active profile set, falling back to 1 default profile: "default"
15:59:38.588 INFO  [main][RepositoryConfigurationDelegate.registerRepositoriesIn(RepositoryConfigurationDelegate.java:132)] Bootstrapping Spring Data JPA repositories in DEFAULT mode.
15:59:38.662 INFO  [main][RepositoryConfigurationDelegate.registerRepositoriesIn(RepositoryConfigurationDelegate.java:201)] Finished Spring Data repository scanning in 63 ms. Found 5 JPA repository interfaces.
15:59:39.265 INFO  [main][TomcatWebServer.initialize(TomcatWebServer.java:108)] Tomcat initialized with port(s): 8088 (http)
15:59:39.274 INFO  [main][Http11NioProtocol.log(DirectJDKLog.java:173)] Initializing ProtocolHandler ["http-nio-8088"]
15:59:39.275 INFO  [main][StandardService.log(DirectJDKLog.java:173)] Starting service [Tomcat]
15:59:39.275 INFO  [main][StandardEngine.log(DirectJDKLog.java:173)] Starting Servlet engine: [Apache Tomcat/9.0.65]
15:59:39.384 INFO  [main][[/].log(DirectJDKLog.java:173)] Initializing Spring embedded WebApplicationContext
15:59:39.385 INFO  [main][ServletWebServerApplicationContext.prepareWebApplicationContext(ServletWebServerApplicationContext.java:292)] Root WebApplicationContext: initialization completed in 1361 ms
15:59:39.534 INFO  [main][HikariDataSource.getConnection(HikariDataSource.java:110)] HikariPool-1 - Starting...
15:59:39.846 INFO  [main][HikariDataSource.getConnection(HikariDataSource.java:123)] HikariPool-1 - Start completed.
15:59:39.891 INFO  [main][LogHelper.logPersistenceUnitInformation(LogHelper.java:31)] HHH000204: Processing PersistenceUnitInfo [name: default]
15:59:39.934 INFO  [main][Version.logVersion(Version.java:44)] HHH000412: Hibernate ORM core version 5.6.10.Final
15:59:40.104 INFO  [main][Version.<clinit>(JavaReflectionManager.java:56)] HCANN000001: Hibernate Commons Annotations {5.1.2.Final}
15:59:40.214 INFO  [main][Dialect.<init>(Dialect.java:175)] HHH000400: Using dialect: org.hibernate.dialect.MySQL8Dialect
15:59:40.704 INFO  [main][JtaPlatformInitiator.initiateService(JtaPlatformInitiator.java:52)] HHH000490: Using JtaPlatform implementation: [org.hibernate.engine.transaction.jta.platform.internal.NoJtaPlatform]
15:59:40.712 INFO  [main][LocalContainerEntityManagerFactoryBean.buildNativeEntityManagerFactory(AbstractEntityManagerFactoryBean.java:437)] Initialized JPA EntityManagerFactory for persistence unit 'default'
15:59:41.169 WARN  [main][JpaBaseConfiguration$JpaWebConfiguration.openEntityManagerInViewInterceptor(JpaBaseConfiguration.java:219)] spring.jpa.open-in-view is enabled by default. Therefore, database queries may be performed during view rendering. Explicitly configure spring.jpa.open-in-view to disable this warning
15:59:41.299 INFO  [main][WelcomePageHandlerMapping.<init>(WelcomePageHandlerMapping.java:57)] Adding welcome page template: index
15:59:41.499 INFO  [main][Http11NioProtocol.log(DirectJDKLog.java:173)] Starting ProtocolHandler ["http-nio-8088"]
15:59:41.520 INFO  [main][TomcatWebServer.start(TomcatWebServer.java:220)] Tomcat started on port(s): 8088 (http) with context path ''
15:59:41.529 INFO  [main][QuestionnaireSystemApplication.logStarted(StartupInfoLogger.java:61)] Started QuestionnaireSystemApplication in 3.885 seconds (JVM running for 4.403)
15:59:45.161 INFO  [http-nio-8088-exec-1][[/].log(DirectJDKLog.java:173)] Initializing Spring DispatcherServlet 'dispatcherServlet'
15:59:45.161 INFO  [http-nio-8088-exec-1][DispatcherServlet.initServletBean(FrameworkServlet.java:525)] Initializing Servlet 'dispatcherServlet'
15:59:45.162 INFO  [http-nio-8088-exec-1][DispatcherServlet.initServletBean(FrameworkServlet.java:547)] Completed initialization in 0 ms
