17:44:21.852 INFO  [main][QuestionnaireSystemApplication.logStarting(StartupInfoLogger.java:55)] Starting QuestionnaireSystemApplication using Java 17.0.2 on LAPTOP-M33DMIJP with PID 1144 (D:\QuestionnaireSystem java11\QuestionnaireSystem\bin\main started by user in D:\QuestionnaireSystem java11\QuestionnaireSystem)
17:44:21.856 INFO  [main][QuestionnaireSystemApplication.logStartupProfileInfo(SpringApplication.java:634)] No active profile set, falling back to 1 default profile: "default"
17:44:22.970 INFO  [main][RepositoryConfigurationDelegate.registerRepositoriesIn(RepositoryConfigurationDelegate.java:132)] Bootstrapping Spring Data JPA repositories in DEFAULT mode.
17:44:23.060 INFO  [main][RepositoryConfigurationDelegate.registerRepositoriesIn(RepositoryConfigurationDelegate.java:201)] Finished Spring Data repository scanning in 78 ms. Found 5 JPA repository interfaces.
17:44:23.906 INFO  [main][TomcatWebServer.initialize(TomcatWebServer.java:108)] Tomcat initialized with port(s): 8088 (http)
17:44:23.919 INFO  [main][Http11NioProtocol.log(DirectJDKLog.java:173)] Initializing ProtocolHandler ["http-nio-8088"]
17:44:23.920 INFO  [main][StandardService.log(DirectJDKLog.java:173)] Starting service [Tomcat]
17:44:23.921 INFO  [main][StandardEngine.log(DirectJDKLog.java:173)] Starting Servlet engine: [Apache Tomcat/9.0.65]
17:44:24.051 INFO  [main][[/].log(DirectJDKLog.java:173)] Initializing Spring embedded WebApplicationContext
17:44:24.051 INFO  [main][ServletWebServerApplicationContext.prepareWebApplicationContext(ServletWebServerApplicationContext.java:292)] Root WebApplicationContext: initialization completed in 2121 ms
17:44:24.242 INFO  [main][HikariDataSource.getConnection(HikariDataSource.java:110)] HikariPool-1 - Starting...
17:44:24.714 INFO  [main][HikariDataSource.getConnection(HikariDataSource.java:123)] HikariPool-1 - Start completed.
17:44:24.774 INFO  [main][LogHelper.logPersistenceUnitInformation(LogHelper.java:31)] HHH000204: Processing PersistenceUnitInfo [name: default]
17:44:24.850 INFO  [main][Version.logVersion(Version.java:44)] HHH000412: Hibernate ORM core version 5.6.10.Final
17:44:25.139 INFO  [main][Version.<clinit>(JavaReflectionManager.java:56)] HCANN000001: Hibernate Commons Annotations {5.1.2.Final}
17:44:25.301 INFO  [main][Dialect.<init>(Dialect.java:175)] HHH000400: Using dialect: org.hibernate.dialect.MySQL8Dialect
17:44:25.969 INFO  [main][JtaPlatformInitiator.initiateService(JtaPlatformInitiator.java:52)] HHH000490: Using JtaPlatform implementation: [org.hibernate.engine.transaction.jta.platform.internal.NoJtaPlatform]
17:44:25.978 INFO  [main][LocalContainerEntityManagerFactoryBean.buildNativeEntityManagerFactory(AbstractEntityManagerFactoryBean.java:437)] Initialized JPA EntityManagerFactory for persistence unit 'default'
17:44:26.523 WARN  [main][JpaBaseConfiguration$JpaWebConfiguration.openEntityManagerInViewInterceptor(JpaBaseConfiguration.java:219)] spring.jpa.open-in-view is enabled by default. Therefore, database queries may be performed during view rendering. Explicitly configure spring.jpa.open-in-view to disable this warning
17:44:26.687 INFO  [main][WelcomePageHandlerMapping.<init>(WelcomePageHandlerMapping.java:57)] Adding welcome page template: index
17:44:26.955 INFO  [main][Http11NioProtocol.log(DirectJDKLog.java:173)] Starting ProtocolHandler ["http-nio-8088"]
17:44:26.989 INFO  [main][TomcatWebServer.start(TomcatWebServer.java:220)] Tomcat started on port(s): 8088 (http) with context path ''
17:44:26.997 INFO  [main][QuestionnaireSystemApplication.logStarted(StartupInfoLogger.java:61)] Started QuestionnaireSystemApplication in 5.704 seconds (JVM running for 6.475)
17:44:27.076 INFO  [http-nio-8088-exec-1][[/].log(DirectJDKLog.java:173)] Initializing Spring DispatcherServlet 'dispatcherServlet'
17:44:27.076 INFO  [http-nio-8088-exec-1][DispatcherServlet.initServletBean(FrameworkServlet.java:525)] Initializing Servlet 'dispatcherServlet'
17:44:27.077 INFO  [http-nio-8088-exec-1][DispatcherServlet.initServletBean(FrameworkServlet.java:547)] Completed initialization in 1 ms
18:05:18.277 INFO  [main][QuestionnaireSystemApplication.logStarting(StartupInfoLogger.java:55)] Starting QuestionnaireSystemApplication using Java 17.0.2 on LAPTOP-M33DMIJP with PID 9188 (D:\QuestionnaireSystem java11\QuestionnaireSystem\bin\main started by user in D:\QuestionnaireSystem java11\QuestionnaireSystem)
18:05:18.281 INFO  [main][QuestionnaireSystemApplication.logStartupProfileInfo(SpringApplication.java:634)] No active profile set, falling back to 1 default profile: "default"
18:05:18.995 INFO  [main][RepositoryConfigurationDelegate.registerRepositoriesIn(RepositoryConfigurationDelegate.java:132)] Bootstrapping Spring Data JPA repositories in DEFAULT mode.
18:05:19.074 INFO  [main][RepositoryConfigurationDelegate.registerRepositoriesIn(RepositoryConfigurationDelegate.java:201)] Finished Spring Data repository scanning in 65 ms. Found 5 JPA repository interfaces.
18:05:19.828 INFO  [main][TomcatWebServer.initialize(TomcatWebServer.java:108)] Tomcat initialized with port(s): 8088 (http)
18:05:19.839 INFO  [main][Http11NioProtocol.log(DirectJDKLog.java:173)] Initializing ProtocolHandler ["http-nio-8088"]
18:05:19.839 INFO  [main][StandardService.log(DirectJDKLog.java:173)] Starting service [Tomcat]
18:05:19.840 INFO  [main][StandardEngine.log(DirectJDKLog.java:173)] Starting Servlet engine: [Apache Tomcat/9.0.65]
18:05:19.957 INFO  [main][[/].log(DirectJDKLog.java:173)] Initializing Spring embedded WebApplicationContext
18:05:19.958 INFO  [main][ServletWebServerApplicationContext.prepareWebApplicationContext(ServletWebServerApplicationContext.java:292)] Root WebApplicationContext: initialization completed in 1614 ms
18:05:20.130 INFO  [main][HikariDataSource.getConnection(HikariDataSource.java:110)] HikariPool-1 - Starting...
18:05:20.459 INFO  [main][HikariDataSource.getConnection(HikariDataSource.java:123)] HikariPool-1 - Start completed.
18:05:20.507 INFO  [main][LogHelper.logPersistenceUnitInformation(LogHelper.java:31)] HHH000204: Processing PersistenceUnitInfo [name: default]
18:05:20.558 INFO  [main][Version.logVersion(Version.java:44)] HHH000412: Hibernate ORM core version 5.6.10.Final
18:05:20.771 INFO  [main][Version.<clinit>(JavaReflectionManager.java:56)] HCANN000001: Hibernate Commons Annotations {5.1.2.Final}
18:05:20.894 INFO  [main][Dialect.<init>(Dialect.java:175)] HHH000400: Using dialect: org.hibernate.dialect.MySQL8Dialect
18:05:21.427 INFO  [main][JtaPlatformInitiator.initiateService(JtaPlatformInitiator.java:52)] HHH000490: Using JtaPlatform implementation: [org.hibernate.engine.transaction.jta.platform.internal.NoJtaPlatform]
18:05:21.438 INFO  [main][LocalContainerEntityManagerFactoryBean.buildNativeEntityManagerFactory(AbstractEntityManagerFactoryBean.java:437)] Initialized JPA EntityManagerFactory for persistence unit 'default'
18:05:21.937 WARN  [main][JpaBaseConfiguration$JpaWebConfiguration.openEntityManagerInViewInterceptor(JpaBaseConfiguration.java:219)] spring.jpa.open-in-view is enabled by default. Therefore, database queries may be performed during view rendering. Explicitly configure spring.jpa.open-in-view to disable this warning
18:05:22.096 INFO  [main][WelcomePageHandlerMapping.<init>(WelcomePageHandlerMapping.java:57)] Adding welcome page template: index
18:05:22.341 INFO  [main][Http11NioProtocol.log(DirectJDKLog.java:173)] Starting ProtocolHandler ["http-nio-8088"]
18:05:22.364 INFO  [main][TomcatWebServer.start(TomcatWebServer.java:220)] Tomcat started on port(s): 8088 (http) with context path ''
18:05:22.373 INFO  [main][QuestionnaireSystemApplication.logStarted(StartupInfoLogger.java:61)] Started QuestionnaireSystemApplication in 4.494 seconds (JVM running for 5.096)
18:05:24.782 INFO  [http-nio-8088-exec-3][[/].log(DirectJDKLog.java:173)] Initializing Spring DispatcherServlet 'dispatcherServlet'
18:05:24.783 INFO  [http-nio-8088-exec-3][DispatcherServlet.initServletBean(FrameworkServlet.java:525)] Initializing Servlet 'dispatcherServlet'
18:05:24.784 INFO  [http-nio-8088-exec-3][DispatcherServlet.initServletBean(FrameworkServlet.java:547)] Completed initialization in 1 ms
18:05:25.379 ERROR [http-nio-8088-exec-3][TemplateEngine.process(TemplateEngine.java:1136)] [THYMELEAF][http-nio-8088-exec-3] Exception processing template "index": Could not parse as expression: "'/index?pageNum=0" (template: "index" - line 121, col 10)
org.thymeleaf.exceptions.TemplateProcessingException: Could not parse as expression: "'/index?pageNum=0" (template: "index" - line 121, col 10)
	at org.thymeleaf.standard.expression.StandardExpressionParser.parseExpression(StandardExpressionParser.java:131)
	at org.thymeleaf.standard.expression.StandardExpressionParser.parseExpression(StandardExpressionParser.java:62)
	at org.thymeleaf.standard.expression.StandardExpressionParser.parseExpression(StandardExpressionParser.java:44)
	at org.thymeleaf.engine.EngineEventUtils.parseAttributeExpression(EngineEventUtils.java:220)
	at org.thymeleaf.engine.EngineEventUtils.computeAttributeExpression(EngineEventUtils.java:207)
	at org.thymeleaf.standard.processor.AbstractStandardExpressionAttributeTagProcessor.doProcess(AbstractStandardExpressionAttributeTagProcessor.java:125)
	at org.thymeleaf.processor.element.AbstractAttributeTagProcessor.doProcess(AbstractAttributeTagProcessor.java:74)
	at org.thymeleaf.processor.element.AbstractElementTagProcessor.process(AbstractElementTagProcessor.java:95)
	at org.thymeleaf.util.ProcessorConfigurationUtils$ElementTagProcessorWrapper.process(ProcessorConfigurationUtils.java:633)
	at org.thymeleaf.engine.ProcessorTemplateHandler.handleOpenElement(ProcessorTemplateHandler.java:1314)
	at org.thymeleaf.engine.OpenElementTag.beHandled(OpenElementTag.java:205)
	at org.thymeleaf.engine.TemplateModel.process(TemplateModel.java:136)
	at org.thymeleaf.engine.TemplateManager.parseAndProcess(TemplateManager.java:661)
	at org.thymeleaf.TemplateEngine.process(TemplateEngine.java:1098)
	at org.thymeleaf.TemplateEngine.process(TemplateEngine.java:1072)
	at org.thymeleaf.spring5.view.ThymeleafView.renderFragment(ThymeleafView.java:366)
	at org.thymeleaf.spring5.view.ThymeleafView.render(ThymeleafView.java:190)
	at org.springframework.web.servlet.DispatcherServlet.render(DispatcherServlet.java:1404)
	at org.springframework.web.servlet.DispatcherServlet.processDispatchResult(DispatcherServlet.java:1148)
	at org.springframework.web.servlet.DispatcherServlet.doDispatch(DispatcherServlet.java:1087)
	at org.springframework.web.servlet.DispatcherServlet.doService(DispatcherServlet.java:963)
	at org.springframework.web.servlet.FrameworkServlet.processRequest(FrameworkServlet.java:1006)
	at org.springframework.web.servlet.FrameworkServlet.doGet(FrameworkServlet.java:898)
	at javax.servlet.http.HttpServlet.service(HttpServlet.java:655)
	at org.springframework.web.servlet.FrameworkServlet.service(FrameworkServlet.java:883)
	at javax.servlet.http.HttpServlet.service(HttpServlet.java:764)
	at org.apache.catalina.core.ApplicationFilterChain.internalDoFilter(ApplicationFilterChain.java:227)
	at org.apache.catalina.core.ApplicationFilterChain.doFilter(ApplicationFilterChain.java:162)
	at org.apache.tomcat.websocket.server.WsFilter.doFilter(WsFilter.java:53)
	at org.apache.catalina.core.ApplicationFilterChain.internalDoFilter(ApplicationFilterChain.java:189)
	at org.apache.catalina.core.ApplicationFilterChain.doFilter(ApplicationFilterChain.java:162)
	at org.springframework.web.filter.RequestContextFilter.doFilterInternal(RequestContextFilter.java:100)
	at org.springframework.web.filter.OncePerRequestFilter.doFilter(OncePerRequestFilter.java:117)
	at org.apache.catalina.core.ApplicationFilterChain.internalDoFilter(ApplicationFilterChain.java:189)
	at org.apache.catalina.core.ApplicationFilterChain.doFilter(ApplicationFilterChain.java:162)
	at org.springframework.web.filter.FormContentFilter.doFilterInternal(FormContentFilter.java:93)
	at org.springframework.web.filter.OncePerRequestFilter.doFilter(OncePerRequestFilter.java:117)
	at org.apache.catalina.core.ApplicationFilterChain.internalDoFilter(ApplicationFilterChain.java:189)
	at org.apache.catalina.core.ApplicationFilterChain.doFilter(ApplicationFilterChain.java:162)
	at org.springframework.web.filter.CharacterEncodingFilter.doFilterInternal(CharacterEncodingFilter.java:201)
	at org.springframework.web.filter.OncePerRequestFilter.doFilter(OncePerRequestFilter.java:117)
	at org.apache.catalina.core.ApplicationFilterChain.internalDoFilter(ApplicationFilterChain.java:189)
	at org.apache.catalina.core.ApplicationFilterChain.doFilter(ApplicationFilterChain.java:162)
	at org.apache.catalina.core.StandardWrapperValve.invoke(StandardWrapperValve.java:197)
	at org.apache.catalina.core.StandardContextValve.invoke(StandardContextValve.java:97)
	at org.apache.catalina.authenticator.AuthenticatorBase.invoke(AuthenticatorBase.java:541)
	at org.apache.catalina.core.StandardHostValve.invoke(StandardHostValve.java:135)
	at org.apache.catalina.valves.ErrorReportValve.invoke(ErrorReportValve.java:92)
	at org.apache.catalina.core.StandardEngineValve.invoke(StandardEngineValve.java:78)
	at org.apache.catalina.connector.CoyoteAdapter.service(CoyoteAdapter.java:360)
	at org.apache.coyote.http11.Http11Processor.service(Http11Processor.java:399)
	at org.apache.coyote.AbstractProcessorLight.process(AbstractProcessorLight.java:65)
	at org.apache.coyote.AbstractProtocol$ConnectionHandler.process(AbstractProtocol.java:890)
	at org.apache.tomcat.util.net.NioEndpoint$SocketProcessor.doRun(NioEndpoint.java:1789)
	at org.apache.tomcat.util.net.SocketProcessorBase.run(SocketProcessorBase.java:49)
	at org.apache.tomcat.util.threads.ThreadPoolExecutor.runWorker(ThreadPoolExecutor.java:1191)
	at org.apache.tomcat.util.threads.ThreadPoolExecutor$Worker.run(ThreadPoolExecutor.java:659)
	at org.apache.tomcat.util.threads.TaskThread$WrappingRunnable.run(TaskThread.java:61)
	at java.base/java.lang.Thread.run(Thread.java:833)
18:05:25.380 ERROR [http-nio-8088-exec-3][[dispatcherServlet].log(DirectJDKLog.java:175)] Servlet.service() for servlet [dispatcherServlet] in context with path [] threw exception [Request processing failed; nested exception is org.thymeleaf.exceptions.TemplateProcessingException: Could not parse as expression: "'/index?pageNum=0" (template: "index" - line 121, col 10)] with root cause
org.thymeleaf.exceptions.TemplateProcessingException: Could not parse as expression: "'/index?pageNum=0" (template: "index" - line 121, col 10)
	at org.thymeleaf.standard.expression.StandardExpressionParser.parseExpression(StandardExpressionParser.java:131)
	at org.thymeleaf.standard.expression.StandardExpressionParser.parseExpression(StandardExpressionParser.java:62)
	at org.thymeleaf.standard.expression.StandardExpressionParser.parseExpression(StandardExpressionParser.java:44)
	at org.thymeleaf.engine.EngineEventUtils.parseAttributeExpression(EngineEventUtils.java:220)
	at org.thymeleaf.engine.EngineEventUtils.computeAttributeExpression(EngineEventUtils.java:207)
	at org.thymeleaf.standard.processor.AbstractStandardExpressionAttributeTagProcessor.doProcess(AbstractStandardExpressionAttributeTagProcessor.java:125)
	at org.thymeleaf.processor.element.AbstractAttributeTagProcessor.doProcess(AbstractAttributeTagProcessor.java:74)
	at org.thymeleaf.processor.element.AbstractElementTagProcessor.process(AbstractElementTagProcessor.java:95)
	at org.thymeleaf.util.ProcessorConfigurationUtils$ElementTagProcessorWrapper.process(ProcessorConfigurationUtils.java:633)
	at org.thymeleaf.engine.ProcessorTemplateHandler.handleOpenElement(ProcessorTemplateHandler.java:1314)
	at org.thymeleaf.engine.OpenElementTag.beHandled(OpenElementTag.java:205)
	at org.thymeleaf.engine.TemplateModel.process(TemplateModel.java:136)
	at org.thymeleaf.engine.TemplateManager.parseAndProcess(TemplateManager.java:661)
	at org.thymeleaf.TemplateEngine.process(TemplateEngine.java:1098)
	at org.thymeleaf.TemplateEngine.process(TemplateEngine.java:1072)
	at org.thymeleaf.spring5.view.ThymeleafView.renderFragment(ThymeleafView.java:366)
	at org.thymeleaf.spring5.view.ThymeleafView.render(ThymeleafView.java:190)
	at org.springframework.web.servlet.DispatcherServlet.render(DispatcherServlet.java:1404)
	at org.springframework.web.servlet.DispatcherServlet.processDispatchResult(DispatcherServlet.java:1148)
	at org.springframework.web.servlet.DispatcherServlet.doDispatch(DispatcherServlet.java:1087)
	at org.springframework.web.servlet.DispatcherServlet.doService(DispatcherServlet.java:963)
	at org.springframework.web.servlet.FrameworkServlet.processRequest(FrameworkServlet.java:1006)
	at org.springframework.web.servlet.FrameworkServlet.doGet(FrameworkServlet.java:898)
	at javax.servlet.http.HttpServlet.service(HttpServlet.java:655)
	at org.springframework.web.servlet.FrameworkServlet.service(FrameworkServlet.java:883)
	at javax.servlet.http.HttpServlet.service(HttpServlet.java:764)
	at org.apache.catalina.core.ApplicationFilterChain.internalDoFilter(ApplicationFilterChain.java:227)
	at org.apache.catalina.core.ApplicationFilterChain.doFilter(ApplicationFilterChain.java:162)
	at org.apache.tomcat.websocket.server.WsFilter.doFilter(WsFilter.java:53)
	at org.apache.catalina.core.ApplicationFilterChain.internalDoFilter(ApplicationFilterChain.java:189)
	at org.apache.catalina.core.ApplicationFilterChain.doFilter(ApplicationFilterChain.java:162)
	at org.springframework.web.filter.RequestContextFilter.doFilterInternal(RequestContextFilter.java:100)
	at org.springframework.web.filter.OncePerRequestFilter.doFilter(OncePerRequestFilter.java:117)
	at org.apache.catalina.core.ApplicationFilterChain.internalDoFilter(ApplicationFilterChain.java:189)
	at org.apache.catalina.core.ApplicationFilterChain.doFilter(ApplicationFilterChain.java:162)
	at org.springframework.web.filter.FormContentFilter.doFilterInternal(FormContentFilter.java:93)
	at org.springframework.web.filter.OncePerRequestFilter.doFilter(OncePerRequestFilter.java:117)
	at org.apache.catalina.core.ApplicationFilterChain.internalDoFilter(ApplicationFilterChain.java:189)
	at org.apache.catalina.core.ApplicationFilterChain.doFilter(ApplicationFilterChain.java:162)
	at org.springframework.web.filter.CharacterEncodingFilter.doFilterInternal(CharacterEncodingFilter.java:201)
	at org.springframework.web.filter.OncePerRequestFilter.doFilter(OncePerRequestFilter.java:117)
	at org.apache.catalina.core.ApplicationFilterChain.internalDoFilter(ApplicationFilterChain.java:189)
	at org.apache.catalina.core.ApplicationFilterChain.doFilter(ApplicationFilterChain.java:162)
	at org.apache.catalina.core.StandardWrapperValve.invoke(StandardWrapperValve.java:197)
	at org.apache.catalina.core.StandardContextValve.invoke(StandardContextValve.java:97)
	at org.apache.catalina.authenticator.AuthenticatorBase.invoke(AuthenticatorBase.java:541)
	at org.apache.catalina.core.StandardHostValve.invoke(StandardHostValve.java:135)
	at org.apache.catalina.valves.ErrorReportValve.invoke(ErrorReportValve.java:92)
	at org.apache.catalina.core.StandardEngineValve.invoke(StandardEngineValve.java:78)
	at org.apache.catalina.connector.CoyoteAdapter.service(CoyoteAdapter.java:360)
	at org.apache.coyote.http11.Http11Processor.service(Http11Processor.java:399)
	at org.apache.coyote.AbstractProcessorLight.process(AbstractProcessorLight.java:65)
	at org.apache.coyote.AbstractProtocol$ConnectionHandler.process(AbstractProtocol.java:890)
	at org.apache.tomcat.util.net.NioEndpoint$SocketProcessor.doRun(NioEndpoint.java:1789)
	at org.apache.tomcat.util.net.SocketProcessorBase.run(SocketProcessorBase.java:49)
	at org.apache.tomcat.util.threads.ThreadPoolExecutor.runWorker(ThreadPoolExecutor.java:1191)
	at org.apache.tomcat.util.threads.ThreadPoolExecutor$Worker.run(ThreadPoolExecutor.java:659)
	at org.apache.tomcat.util.threads.TaskThread$WrappingRunnable.run(TaskThread.java:61)
	at java.base/java.lang.Thread.run(Thread.java:833)
18:05:25.399 ERROR [http-nio-8088-exec-3][ErrorMvcAutoConfiguration$StaticView.render(ErrorMvcAutoConfiguration.java:204)] Cannot render error page for request [/index] as the response has already been committed. As a result, the response may have the wrong status code.
18:05:31.348 ERROR [http-nio-8088-exec-4][TemplateEngine.process(TemplateEngine.java:1136)] [THYMELEAF][http-nio-8088-exec-4] Exception processing template "index": Could not parse as expression: "'/index?pageNum=0" (template: "index" - line 121, col 10)
org.thymeleaf.exceptions.TemplateProcessingException: Could not parse as expression: "'/index?pageNum=0" (template: "index" - line 121, col 10)
	at org.thymeleaf.standard.expression.StandardExpressionParser.parseExpression(StandardExpressionParser.java:131)
	at org.thymeleaf.standard.expression.StandardExpressionParser.parseExpression(StandardExpressionParser.java:62)
	at org.thymeleaf.standard.expression.StandardExpressionParser.parseExpression(StandardExpressionParser.java:44)
	at org.thymeleaf.engine.EngineEventUtils.parseAttributeExpression(EngineEventUtils.java:220)
	at org.thymeleaf.engine.EngineEventUtils.computeAttributeExpression(EngineEventUtils.java:207)
	at org.thymeleaf.standard.processor.AbstractStandardExpressionAttributeTagProcessor.doProcess(AbstractStandardExpressionAttributeTagProcessor.java:125)
	at org.thymeleaf.processor.element.AbstractAttributeTagProcessor.doProcess(AbstractAttributeTagProcessor.java:74)
	at org.thymeleaf.processor.element.AbstractElementTagProcessor.process(AbstractElementTagProcessor.java:95)
	at org.thymeleaf.util.ProcessorConfigurationUtils$ElementTagProcessorWrapper.process(ProcessorConfigurationUtils.java:633)
	at org.thymeleaf.engine.ProcessorTemplateHandler.handleOpenElement(ProcessorTemplateHandler.java:1314)
	at org.thymeleaf.engine.OpenElementTag.beHandled(OpenElementTag.java:205)
	at org.thymeleaf.engine.TemplateModel.process(TemplateModel.java:136)
	at org.thymeleaf.engine.TemplateManager.parseAndProcess(TemplateManager.java:592)
	at org.thymeleaf.TemplateEngine.process(TemplateEngine.java:1098)
	at org.thymeleaf.TemplateEngine.process(TemplateEngine.java:1072)
	at org.thymeleaf.spring5.view.ThymeleafView.renderFragment(ThymeleafView.java:366)
	at org.thymeleaf.spring5.view.ThymeleafView.render(ThymeleafView.java:190)
	at org.springframework.web.servlet.DispatcherServlet.render(DispatcherServlet.java:1404)
	at org.springframework.web.servlet.DispatcherServlet.processDispatchResult(DispatcherServlet.java:1148)
	at org.springframework.web.servlet.DispatcherServlet.doDispatch(DispatcherServlet.java:1087)
	at org.springframework.web.servlet.DispatcherServlet.doService(DispatcherServlet.java:963)
	at org.springframework.web.servlet.FrameworkServlet.processRequest(FrameworkServlet.java:1006)
	at org.springframework.web.servlet.FrameworkServlet.doGet(FrameworkServlet.java:898)
	at javax.servlet.http.HttpServlet.service(HttpServlet.java:655)
	at org.springframework.web.servlet.FrameworkServlet.service(FrameworkServlet.java:883)
	at javax.servlet.http.HttpServlet.service(HttpServlet.java:764)
	at org.apache.catalina.core.ApplicationFilterChain.internalDoFilter(ApplicationFilterChain.java:227)
	at org.apache.catalina.core.ApplicationFilterChain.doFilter(ApplicationFilterChain.java:162)
	at org.apache.tomcat.websocket.server.WsFilter.doFilter(WsFilter.java:53)
	at org.apache.catalina.core.ApplicationFilterChain.internalDoFilter(ApplicationFilterChain.java:189)
	at org.apache.catalina.core.ApplicationFilterChain.doFilter(ApplicationFilterChain.java:162)
	at org.springframework.web.filter.RequestContextFilter.doFilterInternal(RequestContextFilter.java:100)
	at org.springframework.web.filter.OncePerRequestFilter.doFilter(OncePerRequestFilter.java:117)
	at org.apache.catalina.core.ApplicationFilterChain.internalDoFilter(ApplicationFilterChain.java:189)
	at org.apache.catalina.core.ApplicationFilterChain.doFilter(ApplicationFilterChain.java:162)
	at org.springframework.web.filter.FormContentFilter.doFilterInternal(FormContentFilter.java:93)
	at org.springframework.web.filter.OncePerRequestFilter.doFilter(OncePerRequestFilter.java:117)
	at org.apache.catalina.core.ApplicationFilterChain.internalDoFilter(ApplicationFilterChain.java:189)
	at org.apache.catalina.core.ApplicationFilterChain.doFilter(ApplicationFilterChain.java:162)
	at org.springframework.web.filter.CharacterEncodingFilter.doFilterInternal(CharacterEncodingFilter.java:201)
	at org.springframework.web.filter.OncePerRequestFilter.doFilter(OncePerRequestFilter.java:117)
	at org.apache.catalina.core.ApplicationFilterChain.internalDoFilter(ApplicationFilterChain.java:189)
	at org.apache.catalina.core.ApplicationFilterChain.doFilter(ApplicationFilterChain.java:162)
	at org.apache.catalina.core.StandardWrapperValve.invoke(StandardWrapperValve.java:197)
	at org.apache.catalina.core.StandardContextValve.invoke(StandardContextValve.java:97)
	at org.apache.catalina.authenticator.AuthenticatorBase.invoke(AuthenticatorBase.java:541)
	at org.apache.catalina.core.StandardHostValve.invoke(StandardHostValve.java:135)
	at org.apache.catalina.valves.ErrorReportValve.invoke(ErrorReportValve.java:92)
	at org.apache.catalina.core.StandardEngineValve.invoke(StandardEngineValve.java:78)
	at org.apache.catalina.connector.CoyoteAdapter.service(CoyoteAdapter.java:360)
	at org.apache.coyote.http11.Http11Processor.service(Http11Processor.java:399)
	at org.apache.coyote.AbstractProcessorLight.process(AbstractProcessorLight.java:65)
	at org.apache.coyote.AbstractProtocol$ConnectionHandler.process(AbstractProtocol.java:890)
	at org.apache.tomcat.util.net.NioEndpoint$SocketProcessor.doRun(NioEndpoint.java:1789)
	at org.apache.tomcat.util.net.SocketProcessorBase.run(SocketProcessorBase.java:49)
	at org.apache.tomcat.util.threads.ThreadPoolExecutor.runWorker(ThreadPoolExecutor.java:1191)
	at org.apache.tomcat.util.threads.ThreadPoolExecutor$Worker.run(ThreadPoolExecutor.java:659)
	at org.apache.tomcat.util.threads.TaskThread$WrappingRunnable.run(TaskThread.java:61)
	at java.base/java.lang.Thread.run(Thread.java:833)
18:05:31.349 ERROR [http-nio-8088-exec-4][[dispatcherServlet].log(DirectJDKLog.java:175)] Servlet.service() for servlet [dispatcherServlet] in context with path [] threw exception [Request processing failed; nested exception is org.thymeleaf.exceptions.TemplateProcessingException: Could not parse as expression: "'/index?pageNum=0" (template: "index" - line 121, col 10)] with root cause
org.thymeleaf.exceptions.TemplateProcessingException: Could not parse as expression: "'/index?pageNum=0" (template: "index" - line 121, col 10)
	at org.thymeleaf.standard.expression.StandardExpressionParser.parseExpression(StandardExpressionParser.java:131)
	at org.thymeleaf.standard.expression.StandardExpressionParser.parseExpression(StandardExpressionParser.java:62)
	at org.thymeleaf.standard.expression.StandardExpressionParser.parseExpression(StandardExpressionParser.java:44)
	at org.thymeleaf.engine.EngineEventUtils.parseAttributeExpression(EngineEventUtils.java:220)
	at org.thymeleaf.engine.EngineEventUtils.computeAttributeExpression(EngineEventUtils.java:207)
	at org.thymeleaf.standard.processor.AbstractStandardExpressionAttributeTagProcessor.doProcess(AbstractStandardExpressionAttributeTagProcessor.java:125)
	at org.thymeleaf.processor.element.AbstractAttributeTagProcessor.doProcess(AbstractAttributeTagProcessor.java:74)
	at org.thymeleaf.processor.element.AbstractElementTagProcessor.process(AbstractElementTagProcessor.java:95)
	at org.thymeleaf.util.ProcessorConfigurationUtils$ElementTagProcessorWrapper.process(ProcessorConfigurationUtils.java:633)
	at org.thymeleaf.engine.ProcessorTemplateHandler.handleOpenElement(ProcessorTemplateHandler.java:1314)
	at org.thymeleaf.engine.OpenElementTag.beHandled(OpenElementTag.java:205)
	at org.thymeleaf.engine.TemplateModel.process(TemplateModel.java:136)
	at org.thymeleaf.engine.TemplateManager.parseAndProcess(TemplateManager.java:592)
	at org.thymeleaf.TemplateEngine.process(TemplateEngine.java:1098)
	at org.thymeleaf.TemplateEngine.process(TemplateEngine.java:1072)
	at org.thymeleaf.spring5.view.ThymeleafView.renderFragment(ThymeleafView.java:366)
	at org.thymeleaf.spring5.view.ThymeleafView.render(ThymeleafView.java:190)
	at org.springframework.web.servlet.DispatcherServlet.render(DispatcherServlet.java:1404)
	at org.springframework.web.servlet.DispatcherServlet.processDispatchResult(DispatcherServlet.java:1148)
	at org.springframework.web.servlet.DispatcherServlet.doDispatch(DispatcherServlet.java:1087)
	at org.springframework.web.servlet.DispatcherServlet.doService(DispatcherServlet.java:963)
	at org.springframework.web.servlet.FrameworkServlet.processRequest(FrameworkServlet.java:1006)
	at org.springframework.web.servlet.FrameworkServlet.doGet(FrameworkServlet.java:898)
	at javax.servlet.http.HttpServlet.service(HttpServlet.java:655)
	at org.springframework.web.servlet.FrameworkServlet.service(FrameworkServlet.java:883)
	at javax.servlet.http.HttpServlet.service(HttpServlet.java:764)
	at org.apache.catalina.core.ApplicationFilterChain.internalDoFilter(ApplicationFilterChain.java:227)
	at org.apache.catalina.core.ApplicationFilterChain.doFilter(ApplicationFilterChain.java:162)
	at org.apache.tomcat.websocket.server.WsFilter.doFilter(WsFilter.java:53)
	at org.apache.catalina.core.ApplicationFilterChain.internalDoFilter(ApplicationFilterChain.java:189)
	at org.apache.catalina.core.ApplicationFilterChain.doFilter(ApplicationFilterChain.java:162)
	at org.springframework.web.filter.RequestContextFilter.doFilterInternal(RequestContextFilter.java:100)
	at org.springframework.web.filter.OncePerRequestFilter.doFilter(OncePerRequestFilter.java:117)
	at org.apache.catalina.core.ApplicationFilterChain.internalDoFilter(ApplicationFilterChain.java:189)
	at org.apache.catalina.core.ApplicationFilterChain.doFilter(ApplicationFilterChain.java:162)
	at org.springframework.web.filter.FormContentFilter.doFilterInternal(FormContentFilter.java:93)
	at org.springframework.web.filter.OncePerRequestFilter.doFilter(OncePerRequestFilter.java:117)
	at org.apache.catalina.core.ApplicationFilterChain.internalDoFilter(ApplicationFilterChain.java:189)
	at org.apache.catalina.core.ApplicationFilterChain.doFilter(ApplicationFilterChain.java:162)
	at org.springframework.web.filter.CharacterEncodingFilter.doFilterInternal(CharacterEncodingFilter.java:201)
	at org.springframework.web.filter.OncePerRequestFilter.doFilter(OncePerRequestFilter.java:117)
	at org.apache.catalina.core.ApplicationFilterChain.internalDoFilter(ApplicationFilterChain.java:189)
	at org.apache.catalina.core.ApplicationFilterChain.doFilter(ApplicationFilterChain.java:162)
	at org.apache.catalina.core.StandardWrapperValve.invoke(StandardWrapperValve.java:197)
	at org.apache.catalina.core.StandardContextValve.invoke(StandardContextValve.java:97)
	at org.apache.catalina.authenticator.AuthenticatorBase.invoke(AuthenticatorBase.java:541)
	at org.apache.catalina.core.StandardHostValve.invoke(StandardHostValve.java:135)
	at org.apache.catalina.valves.ErrorReportValve.invoke(ErrorReportValve.java:92)
	at org.apache.catalina.core.StandardEngineValve.invoke(StandardEngineValve.java:78)
	at org.apache.catalina.connector.CoyoteAdapter.service(CoyoteAdapter.java:360)
	at org.apache.coyote.http11.Http11Processor.service(Http11Processor.java:399)
	at org.apache.coyote.AbstractProcessorLight.process(AbstractProcessorLight.java:65)
	at org.apache.coyote.AbstractProtocol$ConnectionHandler.process(AbstractProtocol.java:890)
	at org.apache.tomcat.util.net.NioEndpoint$SocketProcessor.doRun(NioEndpoint.java:1789)
	at org.apache.tomcat.util.net.SocketProcessorBase.run(SocketProcessorBase.java:49)
	at org.apache.tomcat.util.threads.ThreadPoolExecutor.runWorker(ThreadPoolExecutor.java:1191)
	at org.apache.tomcat.util.threads.ThreadPoolExecutor$Worker.run(ThreadPoolExecutor.java:659)
	at org.apache.tomcat.util.threads.TaskThread$WrappingRunnable.run(TaskThread.java:61)
	at java.base/java.lang.Thread.run(Thread.java:833)
18:05:31.355 ERROR [http-nio-8088-exec-4][ErrorMvcAutoConfiguration$StaticView.render(ErrorMvcAutoConfiguration.java:204)] Cannot render error page for request [/index] as the response has already been committed. As a result, the response may have the wrong status code.
18:05:31.999 ERROR [http-nio-8088-exec-7][TemplateEngine.process(TemplateEngine.java:1136)] [THYMELEAF][http-nio-8088-exec-7] Exception processing template "index": Could not parse as expression: "'/index?pageNum=0" (template: "index" - line 121, col 10)
org.thymeleaf.exceptions.TemplateProcessingException: Could not parse as expression: "'/index?pageNum=0" (template: "index" - line 121, col 10)
	at org.thymeleaf.standard.expression.StandardExpressionParser.parseExpression(StandardExpressionParser.java:131)
	at org.thymeleaf.standard.expression.StandardExpressionParser.parseExpression(StandardExpressionParser.java:62)
	at org.thymeleaf.standard.expression.StandardExpressionParser.parseExpression(StandardExpressionParser.java:44)
	at org.thymeleaf.engine.EngineEventUtils.parseAttributeExpression(EngineEventUtils.java:220)
	at org.thymeleaf.engine.EngineEventUtils.computeAttributeExpression(EngineEventUtils.java:207)
	at org.thymeleaf.standard.processor.AbstractStandardExpressionAttributeTagProcessor.doProcess(AbstractStandardExpressionAttributeTagProcessor.java:125)
	at org.thymeleaf.processor.element.AbstractAttributeTagProcessor.doProcess(AbstractAttributeTagProcessor.java:74)
	at org.thymeleaf.processor.element.AbstractElementTagProcessor.process(AbstractElementTagProcessor.java:95)
	at org.thymeleaf.util.ProcessorConfigurationUtils$ElementTagProcessorWrapper.process(ProcessorConfigurationUtils.java:633)
	at org.thymeleaf.engine.ProcessorTemplateHandler.handleOpenElement(ProcessorTemplateHandler.java:1314)
	at org.thymeleaf.engine.OpenElementTag.beHandled(OpenElementTag.java:205)
	at org.thymeleaf.engine.TemplateModel.process(TemplateModel.java:136)
	at org.thymeleaf.engine.TemplateManager.parseAndProcess(TemplateManager.java:592)
	at org.thymeleaf.TemplateEngine.process(TemplateEngine.java:1098)
	at org.thymeleaf.TemplateEngine.process(TemplateEngine.java:1072)
	at org.thymeleaf.spring5.view.ThymeleafView.renderFragment(ThymeleafView.java:366)
	at org.thymeleaf.spring5.view.ThymeleafView.render(ThymeleafView.java:190)
	at org.springframework.web.servlet.DispatcherServlet.render(DispatcherServlet.java:1404)
	at org.springframework.web.servlet.DispatcherServlet.processDispatchResult(DispatcherServlet.java:1148)
	at org.springframework.web.servlet.DispatcherServlet.doDispatch(DispatcherServlet.java:1087)
	at org.springframework.web.servlet.DispatcherServlet.doService(DispatcherServlet.java:963)
	at org.springframework.web.servlet.FrameworkServlet.processRequest(FrameworkServlet.java:1006)
	at org.springframework.web.servlet.FrameworkServlet.doGet(FrameworkServlet.java:898)
	at javax.servlet.http.HttpServlet.service(HttpServlet.java:655)
	at org.springframework.web.servlet.FrameworkServlet.service(FrameworkServlet.java:883)
	at javax.servlet.http.HttpServlet.service(HttpServlet.java:764)
	at org.apache.catalina.core.ApplicationFilterChain.internalDoFilter(ApplicationFilterChain.java:227)
	at org.apache.catalina.core.ApplicationFilterChain.doFilter(ApplicationFilterChain.java:162)
	at org.apache.tomcat.websocket.server.WsFilter.doFilter(WsFilter.java:53)
	at org.apache.catalina.core.ApplicationFilterChain.internalDoFilter(ApplicationFilterChain.java:189)
	at org.apache.catalina.core.ApplicationFilterChain.doFilter(ApplicationFilterChain.java:162)
	at org.springframework.web.filter.RequestContextFilter.doFilterInternal(RequestContextFilter.java:100)
	at org.springframework.web.filter.OncePerRequestFilter.doFilter(OncePerRequestFilter.java:117)
	at org.apache.catalina.core.ApplicationFilterChain.internalDoFilter(ApplicationFilterChain.java:189)
	at org.apache.catalina.core.ApplicationFilterChain.doFilter(ApplicationFilterChain.java:162)
	at org.springframework.web.filter.FormContentFilter.doFilterInternal(FormContentFilter.java:93)
	at org.springframework.web.filter.OncePerRequestFilter.doFilter(OncePerRequestFilter.java:117)
	at org.apache.catalina.core.ApplicationFilterChain.internalDoFilter(ApplicationFilterChain.java:189)
	at org.apache.catalina.core.ApplicationFilterChain.doFilter(ApplicationFilterChain.java:162)
	at org.springframework.web.filter.CharacterEncodingFilter.doFilterInternal(CharacterEncodingFilter.java:201)
	at org.springframework.web.filter.OncePerRequestFilter.doFilter(OncePerRequestFilter.java:117)
	at org.apache.catalina.core.ApplicationFilterChain.internalDoFilter(ApplicationFilterChain.java:189)
	at org.apache.catalina.core.ApplicationFilterChain.doFilter(ApplicationFilterChain.java:162)
	at org.apache.catalina.core.StandardWrapperValve.invoke(StandardWrapperValve.java:197)
	at org.apache.catalina.core.StandardContextValve.invoke(StandardContextValve.java:97)
	at org.apache.catalina.authenticator.AuthenticatorBase.invoke(AuthenticatorBase.java:541)
	at org.apache.catalina.core.StandardHostValve.invoke(StandardHostValve.java:135)
	at org.apache.catalina.valves.ErrorReportValve.invoke(ErrorReportValve.java:92)
	at org.apache.catalina.core.StandardEngineValve.invoke(StandardEngineValve.java:78)
	at org.apache.catalina.connector.CoyoteAdapter.service(CoyoteAdapter.java:360)
	at org.apache.coyote.http11.Http11Processor.service(Http11Processor.java:399)
	at org.apache.coyote.AbstractProcessorLight.process(AbstractProcessorLight.java:65)
	at org.apache.coyote.AbstractProtocol$ConnectionHandler.process(AbstractProtocol.java:890)
	at org.apache.tomcat.util.net.NioEndpoint$SocketProcessor.doRun(NioEndpoint.java:1789)
	at org.apache.tomcat.util.net.SocketProcessorBase.run(SocketProcessorBase.java:49)
	at org.apache.tomcat.util.threads.ThreadPoolExecutor.runWorker(ThreadPoolExecutor.java:1191)
	at org.apache.tomcat.util.threads.ThreadPoolExecutor$Worker.run(ThreadPoolExecutor.java:659)
	at org.apache.tomcat.util.threads.TaskThread$WrappingRunnable.run(TaskThread.java:61)
	at java.base/java.lang.Thread.run(Thread.java:833)
18:05:32.001 ERROR [http-nio-8088-exec-7][[dispatcherServlet].log(DirectJDKLog.java:175)] Servlet.service() for servlet [dispatcherServlet] in context with path [] threw exception [Request processing failed; nested exception is org.thymeleaf.exceptions.TemplateProcessingException: Could not parse as expression: "'/index?pageNum=0" (template: "index" - line 121, col 10)] with root cause
org.thymeleaf.exceptions.TemplateProcessingException: Could not parse as expression: "'/index?pageNum=0" (template: "index" - line 121, col 10)
	at org.thymeleaf.standard.expression.StandardExpressionParser.parseExpression(StandardExpressionParser.java:131)
	at org.thymeleaf.standard.expression.StandardExpressionParser.parseExpression(StandardExpressionParser.java:62)
	at org.thymeleaf.standard.expression.StandardExpressionParser.parseExpression(StandardExpressionParser.java:44)
	at org.thymeleaf.engine.EngineEventUtils.parseAttributeExpression(EngineEventUtils.java:220)
	at org.thymeleaf.engine.EngineEventUtils.computeAttributeExpression(EngineEventUtils.java:207)
	at org.thymeleaf.standard.processor.AbstractStandardExpressionAttributeTagProcessor.doProcess(AbstractStandardExpressionAttributeTagProcessor.java:125)
	at org.thymeleaf.processor.element.AbstractAttributeTagProcessor.doProcess(AbstractAttributeTagProcessor.java:74)
	at org.thymeleaf.processor.element.AbstractElementTagProcessor.process(AbstractElementTagProcessor.java:95)
	at org.thymeleaf.util.ProcessorConfigurationUtils$ElementTagProcessorWrapper.process(ProcessorConfigurationUtils.java:633)
	at org.thymeleaf.engine.ProcessorTemplateHandler.handleOpenElement(ProcessorTemplateHandler.java:1314)
	at org.thymeleaf.engine.OpenElementTag.beHandled(OpenElementTag.java:205)
	at org.thymeleaf.engine.TemplateModel.process(TemplateModel.java:136)
	at org.thymeleaf.engine.TemplateManager.parseAndProcess(TemplateManager.java:592)
	at org.thymeleaf.TemplateEngine.process(TemplateEngine.java:1098)
	at org.thymeleaf.TemplateEngine.process(TemplateEngine.java:1072)
	at org.thymeleaf.spring5.view.ThymeleafView.renderFragment(ThymeleafView.java:366)
	at org.thymeleaf.spring5.view.ThymeleafView.render(ThymeleafView.java:190)
	at org.springframework.web.servlet.DispatcherServlet.render(DispatcherServlet.java:1404)
	at org.springframework.web.servlet.DispatcherServlet.processDispatchResult(DispatcherServlet.java:1148)
	at org.springframework.web.servlet.DispatcherServlet.doDispatch(DispatcherServlet.java:1087)
	at org.springframework.web.servlet.DispatcherServlet.doService(DispatcherServlet.java:963)
	at org.springframework.web.servlet.FrameworkServlet.processRequest(FrameworkServlet.java:1006)
	at org.springframework.web.servlet.FrameworkServlet.doGet(FrameworkServlet.java:898)
	at javax.servlet.http.HttpServlet.service(HttpServlet.java:655)
	at org.springframework.web.servlet.FrameworkServlet.service(FrameworkServlet.java:883)
	at javax.servlet.http.HttpServlet.service(HttpServlet.java:764)
	at org.apache.catalina.core.ApplicationFilterChain.internalDoFilter(ApplicationFilterChain.java:227)
	at org.apache.catalina.core.ApplicationFilterChain.doFilter(ApplicationFilterChain.java:162)
	at org.apache.tomcat.websocket.server.WsFilter.doFilter(WsFilter.java:53)
	at org.apache.catalina.core.ApplicationFilterChain.internalDoFilter(ApplicationFilterChain.java:189)
	at org.apache.catalina.core.ApplicationFilterChain.doFilter(ApplicationFilterChain.java:162)
	at org.springframework.web.filter.RequestContextFilter.doFilterInternal(RequestContextFilter.java:100)
	at org.springframework.web.filter.OncePerRequestFilter.doFilter(OncePerRequestFilter.java:117)
	at org.apache.catalina.core.ApplicationFilterChain.internalDoFilter(ApplicationFilterChain.java:189)
	at org.apache.catalina.core.ApplicationFilterChain.doFilter(ApplicationFilterChain.java:162)
	at org.springframework.web.filter.FormContentFilter.doFilterInternal(FormContentFilter.java:93)
	at org.springframework.web.filter.OncePerRequestFilter.doFilter(OncePerRequestFilter.java:117)
	at org.apache.catalina.core.ApplicationFilterChain.internalDoFilter(ApplicationFilterChain.java:189)
	at org.apache.catalina.core.ApplicationFilterChain.doFilter(ApplicationFilterChain.java:162)
	at org.springframework.web.filter.CharacterEncodingFilter.doFilterInternal(CharacterEncodingFilter.java:201)
	at org.springframework.web.filter.OncePerRequestFilter.doFilter(OncePerRequestFilter.java:117)
	at org.apache.catalina.core.ApplicationFilterChain.internalDoFilter(ApplicationFilterChain.java:189)
	at org.apache.catalina.core.ApplicationFilterChain.doFilter(ApplicationFilterChain.java:162)
	at org.apache.catalina.core.StandardWrapperValve.invoke(StandardWrapperValve.java:197)
	at org.apache.catalina.core.StandardContextValve.invoke(StandardContextValve.java:97)
	at org.apache.catalina.authenticator.AuthenticatorBase.invoke(AuthenticatorBase.java:541)
	at org.apache.catalina.core.StandardHostValve.invoke(StandardHostValve.java:135)
	at org.apache.catalina.valves.ErrorReportValve.invoke(ErrorReportValve.java:92)
	at org.apache.catalina.core.StandardEngineValve.invoke(StandardEngineValve.java:78)
	at org.apache.catalina.connector.CoyoteAdapter.service(CoyoteAdapter.java:360)
	at org.apache.coyote.http11.Http11Processor.service(Http11Processor.java:399)
	at org.apache.coyote.AbstractProcessorLight.process(AbstractProcessorLight.java:65)
	at org.apache.coyote.AbstractProtocol$ConnectionHandler.process(AbstractProtocol.java:890)
	at org.apache.tomcat.util.net.NioEndpoint$SocketProcessor.doRun(NioEndpoint.java:1789)
	at org.apache.tomcat.util.net.SocketProcessorBase.run(SocketProcessorBase.java:49)
	at org.apache.tomcat.util.threads.ThreadPoolExecutor.runWorker(ThreadPoolExecutor.java:1191)
	at org.apache.tomcat.util.threads.ThreadPoolExecutor$Worker.run(ThreadPoolExecutor.java:659)
	at org.apache.tomcat.util.threads.TaskThread$WrappingRunnable.run(TaskThread.java:61)
	at java.base/java.lang.Thread.run(Thread.java:833)
18:05:32.004 ERROR [http-nio-8088-exec-7][ErrorMvcAutoConfiguration$StaticView.render(ErrorMvcAutoConfiguration.java:204)] Cannot render error page for request [/index] as the response has already been committed. As a result, the response may have the wrong status code.
18:06:59.921 INFO  [main][QuestionnaireSystemApplication.logStarting(StartupInfoLogger.java:55)] Starting QuestionnaireSystemApplication using Java 17.0.2 on LAPTOP-M33DMIJP with PID 16184 (D:\QuestionnaireSystem java11\QuestionnaireSystem\bin\main started by user in D:\QuestionnaireSystem java11\QuestionnaireSystem)
18:06:59.925 INFO  [main][QuestionnaireSystemApplication.logStartupProfileInfo(SpringApplication.java:634)] No active profile set, falling back to 1 default profile: "default"
18:07:00.605 INFO  [main][RepositoryConfigurationDelegate.registerRepositoriesIn(RepositoryConfigurationDelegate.java:132)] Bootstrapping Spring Data JPA repositories in DEFAULT mode.
18:07:00.684 INFO  [main][RepositoryConfigurationDelegate.registerRepositoriesIn(RepositoryConfigurationDelegate.java:201)] Finished Spring Data repository scanning in 66 ms. Found 5 JPA repository interfaces.
18:07:01.352 INFO  [main][TomcatWebServer.initialize(TomcatWebServer.java:108)] Tomcat initialized with port(s): 8088 (http)
18:07:01.364 INFO  [main][Http11NioProtocol.log(DirectJDKLog.java:173)] Initializing ProtocolHandler ["http-nio-8088"]
18:07:01.364 INFO  [main][StandardService.log(DirectJDKLog.java:173)] Starting service [Tomcat]
18:07:01.365 INFO  [main][StandardEngine.log(DirectJDKLog.java:173)] Starting Servlet engine: [Apache Tomcat/9.0.65]
18:07:01.486 INFO  [main][[/].log(DirectJDKLog.java:173)] Initializing Spring embedded WebApplicationContext
18:07:01.486 INFO  [main][ServletWebServerApplicationContext.prepareWebApplicationContext(ServletWebServerApplicationContext.java:292)] Root WebApplicationContext: initialization completed in 1505 ms
18:07:01.714 INFO  [main][HikariDataSource.getConnection(HikariDataSource.java:110)] HikariPool-1 - Starting...
18:07:02.052 INFO  [main][HikariDataSource.getConnection(HikariDataSource.java:123)] HikariPool-1 - Start completed.
18:07:02.105 INFO  [main][LogHelper.logPersistenceUnitInformation(LogHelper.java:31)] HHH000204: Processing PersistenceUnitInfo [name: default]
18:07:02.156 INFO  [main][Version.logVersion(Version.java:44)] HHH000412: Hibernate ORM core version 5.6.10.Final
18:07:02.377 INFO  [main][Version.<clinit>(JavaReflectionManager.java:56)] HCANN000001: Hibernate Commons Annotations {5.1.2.Final}
18:07:02.489 INFO  [main][Dialect.<init>(Dialect.java:175)] HHH000400: Using dialect: org.hibernate.dialect.MySQL8Dialect
18:07:02.996 INFO  [main][JtaPlatformInitiator.initiateService(JtaPlatformInitiator.java:52)] HHH000490: Using JtaPlatform implementation: [org.hibernate.engine.transaction.jta.platform.internal.NoJtaPlatform]
18:07:03.005 INFO  [main][LocalContainerEntityManagerFactoryBean.buildNativeEntityManagerFactory(AbstractEntityManagerFactoryBean.java:437)] Initialized JPA EntityManagerFactory for persistence unit 'default'
18:07:03.492 WARN  [main][JpaBaseConfiguration$JpaWebConfiguration.openEntityManagerInViewInterceptor(JpaBaseConfiguration.java:219)] spring.jpa.open-in-view is enabled by default. Therefore, database queries may be performed during view rendering. Explicitly configure spring.jpa.open-in-view to disable this warning
18:07:03.630 INFO  [main][WelcomePageHandlerMapping.<init>(WelcomePageHandlerMapping.java:57)] Adding welcome page template: index
18:07:03.854 INFO  [main][Http11NioProtocol.log(DirectJDKLog.java:173)] Starting ProtocolHandler ["http-nio-8088"]
18:07:03.877 INFO  [main][TomcatWebServer.start(TomcatWebServer.java:220)] Tomcat started on port(s): 8088 (http) with context path ''
18:07:03.885 INFO  [main][QuestionnaireSystemApplication.logStarted(StartupInfoLogger.java:61)] Started QuestionnaireSystemApplication in 4.325 seconds (JVM running for 4.911)
18:07:06.375 INFO  [http-nio-8088-exec-1][[/].log(DirectJDKLog.java:173)] Initializing Spring DispatcherServlet 'dispatcherServlet'
18:07:06.376 INFO  [http-nio-8088-exec-1][DispatcherServlet.initServletBean(FrameworkServlet.java:525)] Initializing Servlet 'dispatcherServlet'
18:07:06.377 INFO  [http-nio-8088-exec-1][DispatcherServlet.initServletBean(FrameworkServlet.java:547)] Completed initialization in 1 ms
18:07:43.474 INFO  [main][QuestionnaireSystemApplication.logStarting(StartupInfoLogger.java:55)] Starting QuestionnaireSystemApplication using Java 17.0.2 on LAPTOP-M33DMIJP with PID 10268 (D:\QuestionnaireSystem java11\QuestionnaireSystem\bin\main started by user in D:\QuestionnaireSystem java11\QuestionnaireSystem)
18:07:43.478 INFO  [main][QuestionnaireSystemApplication.logStartupProfileInfo(SpringApplication.java:634)] No active profile set, falling back to 1 default profile: "default"
18:07:44.135 INFO  [main][RepositoryConfigurationDelegate.registerRepositoriesIn(RepositoryConfigurationDelegate.java:132)] Bootstrapping Spring Data JPA repositories in DEFAULT mode.
18:07:44.209 INFO  [main][RepositoryConfigurationDelegate.registerRepositoriesIn(RepositoryConfigurationDelegate.java:201)] Finished Spring Data repository scanning in 61 ms. Found 5 JPA repository interfaces.
18:07:44.859 INFO  [main][TomcatWebServer.initialize(TomcatWebServer.java:108)] Tomcat initialized with port(s): 8088 (http)
18:07:44.871 INFO  [main][Http11NioProtocol.log(DirectJDKLog.java:173)] Initializing ProtocolHandler ["http-nio-8088"]
18:07:44.872 INFO  [main][StandardService.log(DirectJDKLog.java:173)] Starting service [Tomcat]
18:07:44.872 INFO  [main][StandardEngine.log(DirectJDKLog.java:173)] Starting Servlet engine: [Apache Tomcat/9.0.65]
18:07:44.991 INFO  [main][[/].log(DirectJDKLog.java:173)] Initializing Spring embedded WebApplicationContext
18:07:44.992 INFO  [main][ServletWebServerApplicationContext.prepareWebApplicationContext(ServletWebServerApplicationContext.java:292)] Root WebApplicationContext: initialization completed in 1460 ms
18:07:45.153 INFO  [main][HikariDataSource.getConnection(HikariDataSource.java:110)] HikariPool-1 - Starting...
18:07:45.497 INFO  [main][HikariDataSource.getConnection(HikariDataSource.java:123)] HikariPool-1 - Start completed.
18:07:45.549 INFO  [main][LogHelper.logPersistenceUnitInformation(LogHelper.java:31)] HHH000204: Processing PersistenceUnitInfo [name: default]
18:07:45.600 INFO  [main][Version.logVersion(Version.java:44)] HHH000412: Hibernate ORM core version 5.6.10.Final
18:07:45.823 INFO  [main][Version.<clinit>(JavaReflectionManager.java:56)] HCANN000001: Hibernate Commons Annotations {5.1.2.Final}
18:07:45.947 INFO  [main][Dialect.<init>(Dialect.java:175)] HHH000400: Using dialect: org.hibernate.dialect.MySQL8Dialect
18:07:46.458 INFO  [main][JtaPlatformInitiator.initiateService(JtaPlatformInitiator.java:52)] HHH000490: Using JtaPlatform implementation: [org.hibernate.engine.transaction.jta.platform.internal.NoJtaPlatform]
18:07:46.467 INFO  [main][LocalContainerEntityManagerFactoryBean.buildNativeEntityManagerFactory(AbstractEntityManagerFactoryBean.java:437)] Initialized JPA EntityManagerFactory for persistence unit 'default'
18:07:46.931 WARN  [main][JpaBaseConfiguration$JpaWebConfiguration.openEntityManagerInViewInterceptor(JpaBaseConfiguration.java:219)] spring.jpa.open-in-view is enabled by default. Therefore, database queries may be performed during view rendering. Explicitly configure spring.jpa.open-in-view to disable this warning
18:07:47.076 INFO  [main][WelcomePageHandlerMapping.<init>(WelcomePageHandlerMapping.java:57)] Adding welcome page template: index
18:07:47.299 INFO  [main][Http11NioProtocol.log(DirectJDKLog.java:173)] Starting ProtocolHandler ["http-nio-8088"]
18:07:47.322 INFO  [main][TomcatWebServer.start(TomcatWebServer.java:220)] Tomcat started on port(s): 8088 (http) with context path ''
18:07:47.330 INFO  [main][QuestionnaireSystemApplication.logStarted(StartupInfoLogger.java:61)] Started QuestionnaireSystemApplication in 4.216 seconds (JVM running for 4.843)
18:07:49.987 INFO  [http-nio-8088-exec-1][[/].log(DirectJDKLog.java:173)] Initializing Spring DispatcherServlet 'dispatcherServlet'
18:07:49.987 INFO  [http-nio-8088-exec-1][DispatcherServlet.initServletBean(FrameworkServlet.java:525)] Initializing Servlet 'dispatcherServlet'
18:07:49.989 INFO  [http-nio-8088-exec-1][DispatcherServlet.initServletBean(FrameworkServlet.java:547)] Completed initialization in 2 ms
18:12:52.406 INFO  [main][QuestionnaireSystemApplication.logStarting(StartupInfoLogger.java:55)] Starting QuestionnaireSystemApplication using Java 17.0.2 on LAPTOP-M33DMIJP with PID 12448 (D:\QuestionnaireSystem java11\QuestionnaireSystem\bin\main started by user in D:\QuestionnaireSystem java11\QuestionnaireSystem)
18:12:52.410 INFO  [main][QuestionnaireSystemApplication.logStartupProfileInfo(SpringApplication.java:634)] No active profile set, falling back to 1 default profile: "default"
18:12:53.099 INFO  [main][RepositoryConfigurationDelegate.registerRepositoriesIn(RepositoryConfigurationDelegate.java:132)] Bootstrapping Spring Data JPA repositories in DEFAULT mode.
18:12:53.170 INFO  [main][RepositoryConfigurationDelegate.registerRepositoriesIn(RepositoryConfigurationDelegate.java:201)] Finished Spring Data repository scanning in 60 ms. Found 5 JPA repository interfaces.
18:12:53.878 INFO  [main][TomcatWebServer.initialize(TomcatWebServer.java:108)] Tomcat initialized with port(s): 8088 (http)
18:12:53.887 INFO  [main][Http11NioProtocol.log(DirectJDKLog.java:173)] Initializing ProtocolHandler ["http-nio-8088"]
18:12:53.888 INFO  [main][StandardService.log(DirectJDKLog.java:173)] Starting service [Tomcat]
18:12:53.888 INFO  [main][StandardEngine.log(DirectJDKLog.java:173)] Starting Servlet engine: [Apache Tomcat/9.0.65]
18:12:54.007 INFO  [main][[/].log(DirectJDKLog.java:173)] Initializing Spring embedded WebApplicationContext
18:12:54.007 INFO  [main][ServletWebServerApplicationContext.prepareWebApplicationContext(ServletWebServerApplicationContext.java:292)] Root WebApplicationContext: initialization completed in 1543 ms
18:12:54.172 INFO  [main][HikariDataSource.getConnection(HikariDataSource.java:110)] HikariPool-1 - Starting...
18:12:54.500 INFO  [main][HikariDataSource.getConnection(HikariDataSource.java:123)] HikariPool-1 - Start completed.
18:12:54.549 INFO  [main][LogHelper.logPersistenceUnitInformation(LogHelper.java:31)] HHH000204: Processing PersistenceUnitInfo [name: default]
18:12:54.608 INFO  [main][Version.logVersion(Version.java:44)] HHH000412: Hibernate ORM core version 5.6.10.Final
18:12:54.810 INFO  [main][Version.<clinit>(JavaReflectionManager.java:56)] HCANN000001: Hibernate Commons Annotations {5.1.2.Final}
18:12:54.942 INFO  [main][Dialect.<init>(Dialect.java:175)] HHH000400: Using dialect: org.hibernate.dialect.MySQL8Dialect
18:12:55.478 INFO  [main][JtaPlatformInitiator.initiateService(JtaPlatformInitiator.java:52)] HHH000490: Using JtaPlatform implementation: [org.hibernate.engine.transaction.jta.platform.internal.NoJtaPlatform]
18:12:55.486 INFO  [main][LocalContainerEntityManagerFactoryBean.buildNativeEntityManagerFactory(AbstractEntityManagerFactoryBean.java:437)] Initialized JPA EntityManagerFactory for persistence unit 'default'
18:12:55.975 WARN  [main][JpaBaseConfiguration$JpaWebConfiguration.openEntityManagerInViewInterceptor(JpaBaseConfiguration.java:219)] spring.jpa.open-in-view is enabled by default. Therefore, database queries may be performed during view rendering. Explicitly configure spring.jpa.open-in-view to disable this warning
18:12:56.123 INFO  [main][WelcomePageHandlerMapping.<init>(WelcomePageHandlerMapping.java:57)] Adding welcome page template: index
18:12:56.354 INFO  [main][Http11NioProtocol.log(DirectJDKLog.java:173)] Starting ProtocolHandler ["http-nio-8088"]
18:12:56.376 INFO  [main][TomcatWebServer.start(TomcatWebServer.java:220)] Tomcat started on port(s): 8088 (http) with context path ''
18:12:56.385 INFO  [main][QuestionnaireSystemApplication.logStarted(StartupInfoLogger.java:61)] Started QuestionnaireSystemApplication in 4.331 seconds (JVM running for 4.906)
18:12:58.952 INFO  [http-nio-8088-exec-1][[/].log(DirectJDKLog.java:173)] Initializing Spring DispatcherServlet 'dispatcherServlet'
18:12:58.952 INFO  [http-nio-8088-exec-1][DispatcherServlet.initServletBean(FrameworkServlet.java:525)] Initializing Servlet 'dispatcherServlet'
18:12:58.954 INFO  [http-nio-8088-exec-1][DispatcherServlet.initServletBean(FrameworkServlet.java:547)] Completed initialization in 2 ms
18:16:43.047 INFO  [main][QuestionnaireSystemApplication.logStarting(StartupInfoLogger.java:55)] Starting QuestionnaireSystemApplication using Java 17.0.2 on LAPTOP-M33DMIJP with PID 10324 (D:\QuestionnaireSystem java11\QuestionnaireSystem\bin\main started by user in D:\QuestionnaireSystem java11\QuestionnaireSystem)
18:16:43.051 INFO  [main][QuestionnaireSystemApplication.logStartupProfileInfo(SpringApplication.java:634)] No active profile set, falling back to 1 default profile: "default"
18:16:43.749 INFO  [main][RepositoryConfigurationDelegate.registerRepositoriesIn(RepositoryConfigurationDelegate.java:132)] Bootstrapping Spring Data JPA repositories in DEFAULT mode.
18:16:43.824 INFO  [main][RepositoryConfigurationDelegate.registerRepositoriesIn(RepositoryConfigurationDelegate.java:201)] Finished Spring Data repository scanning in 65 ms. Found 5 JPA repository interfaces.
18:16:44.528 INFO  [main][TomcatWebServer.initialize(TomcatWebServer.java:108)] Tomcat initialized with port(s): 8088 (http)
18:16:44.540 INFO  [main][Http11NioProtocol.log(DirectJDKLog.java:173)] Initializing ProtocolHandler ["http-nio-8088"]
18:16:44.540 INFO  [main][StandardService.log(DirectJDKLog.java:173)] Starting service [Tomcat]
18:16:44.540 INFO  [main][StandardEngine.log(DirectJDKLog.java:173)] Starting Servlet engine: [Apache Tomcat/9.0.65]
18:16:44.659 INFO  [main][[/].log(DirectJDKLog.java:173)] Initializing Spring embedded WebApplicationContext
18:16:44.659 INFO  [main][ServletWebServerApplicationContext.prepareWebApplicationContext(ServletWebServerApplicationContext.java:292)] Root WebApplicationContext: initialization completed in 1551 ms
18:16:44.831 INFO  [main][HikariDataSource.getConnection(HikariDataSource.java:110)] HikariPool-1 - Starting...
18:16:45.176 INFO  [main][HikariDataSource.getConnection(HikariDataSource.java:123)] HikariPool-1 - Start completed.
18:16:45.241 INFO  [main][LogHelper.logPersistenceUnitInformation(LogHelper.java:31)] HHH000204: Processing PersistenceUnitInfo [name: default]
18:16:45.308 INFO  [main][Version.logVersion(Version.java:44)] HHH000412: Hibernate ORM core version 5.6.10.Final
18:16:45.518 INFO  [main][Version.<clinit>(JavaReflectionManager.java:56)] HCANN000001: Hibernate Commons Annotations {5.1.2.Final}
18:16:45.643 INFO  [main][Dialect.<init>(Dialect.java:175)] HHH000400: Using dialect: org.hibernate.dialect.MySQL8Dialect
18:16:46.177 INFO  [main][JtaPlatformInitiator.initiateService(JtaPlatformInitiator.java:52)] HHH000490: Using JtaPlatform implementation: [org.hibernate.engine.transaction.jta.platform.internal.NoJtaPlatform]
18:16:46.186 INFO  [main][LocalContainerEntityManagerFactoryBean.buildNativeEntityManagerFactory(AbstractEntityManagerFactoryBean.java:437)] Initialized JPA EntityManagerFactory for persistence unit 'default'
18:16:46.692 WARN  [main][JpaBaseConfiguration$JpaWebConfiguration.openEntityManagerInViewInterceptor(JpaBaseConfiguration.java:219)] spring.jpa.open-in-view is enabled by default. Therefore, database queries may be performed during view rendering. Explicitly configure spring.jpa.open-in-view to disable this warning
18:16:46.832 INFO  [main][WelcomePageHandlerMapping.<init>(WelcomePageHandlerMapping.java:57)] Adding welcome page template: index
18:16:47.070 INFO  [main][Http11NioProtocol.log(DirectJDKLog.java:173)] Starting ProtocolHandler ["http-nio-8088"]
18:16:47.094 INFO  [main][TomcatWebServer.start(TomcatWebServer.java:220)] Tomcat started on port(s): 8088 (http) with context path ''
18:16:47.103 INFO  [main][QuestionnaireSystemApplication.logStarted(StartupInfoLogger.java:61)] Started QuestionnaireSystemApplication in 4.416 seconds (JVM running for 4.979)
18:16:54.014 INFO  [http-nio-8088-exec-1][[/].log(DirectJDKLog.java:173)] Initializing Spring DispatcherServlet 'dispatcherServlet'
18:16:54.015 INFO  [http-nio-8088-exec-1][DispatcherServlet.initServletBean(FrameworkServlet.java:525)] Initializing Servlet 'dispatcherServlet'
18:16:54.016 INFO  [http-nio-8088-exec-1][DispatcherServlet.initServletBean(FrameworkServlet.java:547)] Completed initialization in 1 ms
22:14:12.636 ERROR [http-nio-8088-exec-7][[dispatcherServlet].log(DirectJDKLog.java:175)] Servlet.service() for servlet [dispatcherServlet] in context with path [] threw exception [Request processing failed; nested exception is java.lang.NullPointerException: Cannot read the array length because "index" is null] with root cause
java.lang.NullPointerException: Cannot read the array length because "index" is null
	at com.QuestionnaireProject.QuestionnaireSystem.controller.EditController.removeQuestion(EditController.java:269)
	at java.base/jdk.internal.reflect.NativeMethodAccessorImpl.invoke0(Native Method)
	at java.base/jdk.internal.reflect.NativeMethodAccessorImpl.invoke(NativeMethodAccessorImpl.java:77)
	at java.base/jdk.internal.reflect.DelegatingMethodAccessorImpl.invoke(DelegatingMethodAccessorImpl.java:43)
	at java.base/java.lang.reflect.Method.invoke(Method.java:568)
	at org.springframework.web.method.support.InvocableHandlerMethod.doInvoke(InvocableHandlerMethod.java:205)
	at org.springframework.web.method.support.InvocableHandlerMethod.invokeForRequest(InvocableHandlerMethod.java:150)
	at org.springframework.web.servlet.mvc.method.annotation.ServletInvocableHandlerMethod.invokeAndHandle(ServletInvocableHandlerMethod.java:117)
	at org.springframework.web.servlet.mvc.method.annotation.RequestMappingHandlerAdapter.invokeHandlerMethod(RequestMappingHandlerAdapter.java:895)
	at org.springframework.web.servlet.mvc.method.annotation.RequestMappingHandlerAdapter.handleInternal(RequestMappingHandlerAdapter.java:808)
	at org.springframework.web.servlet.mvc.method.AbstractHandlerMethodAdapter.handle(AbstractHandlerMethodAdapter.java:87)
	at org.springframework.web.servlet.DispatcherServlet.doDispatch(DispatcherServlet.java:1070)
	at org.springframework.web.servlet.DispatcherServlet.doService(DispatcherServlet.java:963)
	at org.springframework.web.servlet.FrameworkServlet.processRequest(FrameworkServlet.java:1006)
	at org.springframework.web.servlet.FrameworkServlet.doPost(FrameworkServlet.java:909)
	at javax.servlet.http.HttpServlet.service(HttpServlet.java:681)
	at org.springframework.web.servlet.FrameworkServlet.service(FrameworkServlet.java:883)
	at javax.servlet.http.HttpServlet.service(HttpServlet.java:764)
	at org.apache.catalina.core.ApplicationFilterChain.internalDoFilter(ApplicationFilterChain.java:227)
	at org.apache.catalina.core.ApplicationFilterChain.doFilter(ApplicationFilterChain.java:162)
	at org.apache.tomcat.websocket.server.WsFilter.doFilter(WsFilter.java:53)
	at org.apache.catalina.core.ApplicationFilterChain.internalDoFilter(ApplicationFilterChain.java:189)
	at org.apache.catalina.core.ApplicationFilterChain.doFilter(ApplicationFilterChain.java:162)
	at org.springframework.web.filter.RequestContextFilter.doFilterInternal(RequestContextFilter.java:100)
	at org.springframework.web.filter.OncePerRequestFilter.doFilter(OncePerRequestFilter.java:117)
	at org.apache.catalina.core.ApplicationFilterChain.internalDoFilter(ApplicationFilterChain.java:189)
	at org.apache.catalina.core.ApplicationFilterChain.doFilter(ApplicationFilterChain.java:162)
	at org.springframework.web.filter.FormContentFilter.doFilterInternal(FormContentFilter.java:93)
	at org.springframework.web.filter.OncePerRequestFilter.doFilter(OncePerRequestFilter.java:117)
	at org.apache.catalina.core.ApplicationFilterChain.internalDoFilter(ApplicationFilterChain.java:189)
	at org.apache.catalina.core.ApplicationFilterChain.doFilter(ApplicationFilterChain.java:162)
	at org.springframework.web.filter.CharacterEncodingFilter.doFilterInternal(CharacterEncodingFilter.java:201)
	at org.springframework.web.filter.OncePerRequestFilter.doFilter(OncePerRequestFilter.java:117)
	at org.apache.catalina.core.ApplicationFilterChain.internalDoFilter(ApplicationFilterChain.java:189)
	at org.apache.catalina.core.ApplicationFilterChain.doFilter(ApplicationFilterChain.java:162)
	at org.apache.catalina.core.StandardWrapperValve.invoke(StandardWrapperValve.java:197)
	at org.apache.catalina.core.StandardContextValve.invoke(StandardContextValve.java:97)
	at org.apache.catalina.authenticator.AuthenticatorBase.invoke(AuthenticatorBase.java:541)
	at org.apache.catalina.core.StandardHostValve.invoke(StandardHostValve.java:135)
	at org.apache.catalina.valves.ErrorReportValve.invoke(ErrorReportValve.java:92)
	at org.apache.catalina.core.StandardEngineValve.invoke(StandardEngineValve.java:78)
	at org.apache.catalina.connector.CoyoteAdapter.service(CoyoteAdapter.java:360)
	at org.apache.coyote.http11.Http11Processor.service(Http11Processor.java:399)
	at org.apache.coyote.AbstractProcessorLight.process(AbstractProcessorLight.java:65)
	at org.apache.coyote.AbstractProtocol$ConnectionHandler.process(AbstractProtocol.java:890)
	at org.apache.tomcat.util.net.NioEndpoint$SocketProcessor.doRun(NioEndpoint.java:1789)
	at org.apache.tomcat.util.net.SocketProcessorBase.run(SocketProcessorBase.java:49)
	at org.apache.tomcat.util.threads.ThreadPoolExecutor.runWorker(ThreadPoolExecutor.java:1191)
	at org.apache.tomcat.util.threads.ThreadPoolExecutor$Worker.run(ThreadPoolExecutor.java:659)
	at org.apache.tomcat.util.threads.TaskThread$WrappingRunnable.run(TaskThread.java:61)
	at java.base/java.lang.Thread.run(Thread.java:833)
22:16:43.157 INFO  [main][QuestionnaireSystemApplication.logStarting(StartupInfoLogger.java:55)] Starting QuestionnaireSystemApplication using Java 17.0.2 on LAPTOP-M33DMIJP with PID 8548 (D:\QuestionnaireSystem java11\QuestionnaireSystem\bin\main started by user in D:\QuestionnaireSystem java11\QuestionnaireSystem)
22:16:43.163 INFO  [main][QuestionnaireSystemApplication.logStartupProfileInfo(SpringApplication.java:634)] No active profile set, falling back to 1 default profile: "default"
22:16:43.933 INFO  [main][RepositoryConfigurationDelegate.registerRepositoriesIn(RepositoryConfigurationDelegate.java:132)] Bootstrapping Spring Data JPA repositories in DEFAULT mode.
22:16:44.024 INFO  [main][RepositoryConfigurationDelegate.registerRepositoriesIn(RepositoryConfigurationDelegate.java:201)] Finished Spring Data repository scanning in 76 ms. Found 5 JPA repository interfaces.
22:16:44.855 INFO  [main][TomcatWebServer.initialize(TomcatWebServer.java:108)] Tomcat initialized with port(s): 8088 (http)
22:16:44.873 INFO  [main][Http11NioProtocol.log(DirectJDKLog.java:173)] Initializing ProtocolHandler ["http-nio-8088"]
22:16:44.874 INFO  [main][StandardService.log(DirectJDKLog.java:173)] Starting service [Tomcat]
22:16:44.875 INFO  [main][StandardEngine.log(DirectJDKLog.java:173)] Starting Servlet engine: [Apache Tomcat/9.0.65]
22:16:45.005 INFO  [main][[/].log(DirectJDKLog.java:173)] Initializing Spring embedded WebApplicationContext
22:16:45.005 INFO  [main][ServletWebServerApplicationContext.prepareWebApplicationContext(ServletWebServerApplicationContext.java:292)] Root WebApplicationContext: initialization completed in 1777 ms
22:16:45.191 INFO  [main][HikariDataSource.getConnection(HikariDataSource.java:110)] HikariPool-1 - Starting...
22:16:45.549 INFO  [main][HikariDataSource.getConnection(HikariDataSource.java:123)] HikariPool-1 - Start completed.
22:16:45.602 INFO  [main][LogHelper.logPersistenceUnitInformation(LogHelper.java:31)] HHH000204: Processing PersistenceUnitInfo [name: default]
22:16:45.654 INFO  [main][Version.logVersion(Version.java:44)] HHH000412: Hibernate ORM core version 5.6.10.Final
22:16:45.914 INFO  [main][Version.<clinit>(JavaReflectionManager.java:56)] HCANN000001: Hibernate Commons Annotations {5.1.2.Final}
22:16:46.046 INFO  [main][Dialect.<init>(Dialect.java:175)] HHH000400: Using dialect: org.hibernate.dialect.MySQL8Dialect
22:16:46.633 INFO  [main][JtaPlatformInitiator.initiateService(JtaPlatformInitiator.java:52)] HHH000490: Using JtaPlatform implementation: [org.hibernate.engine.transaction.jta.platform.internal.NoJtaPlatform]
22:16:46.643 INFO  [main][LocalContainerEntityManagerFactoryBean.buildNativeEntityManagerFactory(AbstractEntityManagerFactoryBean.java:437)] Initialized JPA EntityManagerFactory for persistence unit 'default'
22:16:47.195 WARN  [main][JpaBaseConfiguration$JpaWebConfiguration.openEntityManagerInViewInterceptor(JpaBaseConfiguration.java:219)] spring.jpa.open-in-view is enabled by default. Therefore, database queries may be performed during view rendering. Explicitly configure spring.jpa.open-in-view to disable this warning
22:16:47.377 INFO  [main][WelcomePageHandlerMapping.<init>(WelcomePageHandlerMapping.java:57)] Adding welcome page template: index
22:16:47.667 INFO  [main][Http11NioProtocol.log(DirectJDKLog.java:173)] Starting ProtocolHandler ["http-nio-8088"]
22:16:47.696 INFO  [main][TomcatWebServer.start(TomcatWebServer.java:220)] Tomcat started on port(s): 8088 (http) with context path ''
22:16:47.706 INFO  [main][QuestionnaireSystemApplication.logStarted(StartupInfoLogger.java:61)] Started QuestionnaireSystemApplication in 4.935 seconds (JVM running for 5.513)
22:16:50.364 INFO  [http-nio-8088-exec-1][[/].log(DirectJDKLog.java:173)] Initializing Spring DispatcherServlet 'dispatcherServlet'
22:16:50.364 INFO  [http-nio-8088-exec-1][DispatcherServlet.initServletBean(FrameworkServlet.java:525)] Initializing Servlet 'dispatcherServlet'
22:16:50.365 INFO  [http-nio-8088-exec-1][DispatcherServlet.initServletBean(FrameworkServlet.java:547)] Completed initialization in 1 ms
22:16:58.819 ERROR [http-nio-8088-exec-8][[dispatcherServlet].log(DirectJDKLog.java:175)] Servlet.service() for servlet [dispatcherServlet] in context with path [] threw exception [Request processing failed; nested exception is java.lang.NullPointerException: Cannot read the array length because "index" is null] with root cause
java.lang.NullPointerException: Cannot read the array length because "index" is null
	at com.QuestionnaireProject.QuestionnaireSystem.controller.EditController.removeQuestion(EditController.java:269)
	at java.base/jdk.internal.reflect.NativeMethodAccessorImpl.invoke0(Native Method)
	at java.base/jdk.internal.reflect.NativeMethodAccessorImpl.invoke(NativeMethodAccessorImpl.java:77)
	at java.base/jdk.internal.reflect.DelegatingMethodAccessorImpl.invoke(DelegatingMethodAccessorImpl.java:43)
	at java.base/java.lang.reflect.Method.invoke(Method.java:568)
	at org.springframework.web.method.support.InvocableHandlerMethod.doInvoke(InvocableHandlerMethod.java:205)
	at org.springframework.web.method.support.InvocableHandlerMethod.invokeForRequest(InvocableHandlerMethod.java:150)
	at org.springframework.web.servlet.mvc.method.annotation.ServletInvocableHandlerMethod.invokeAndHandle(ServletInvocableHandlerMethod.java:117)
	at org.springframework.web.servlet.mvc.method.annotation.RequestMappingHandlerAdapter.invokeHandlerMethod(RequestMappingHandlerAdapter.java:895)
	at org.springframework.web.servlet.mvc.method.annotation.RequestMappingHandlerAdapter.handleInternal(RequestMappingHandlerAdapter.java:808)
	at org.springframework.web.servlet.mvc.method.AbstractHandlerMethodAdapter.handle(AbstractHandlerMethodAdapter.java:87)
	at org.springframework.web.servlet.DispatcherServlet.doDispatch(DispatcherServlet.java:1070)
	at org.springframework.web.servlet.DispatcherServlet.doService(DispatcherServlet.java:963)
	at org.springframework.web.servlet.FrameworkServlet.processRequest(FrameworkServlet.java:1006)
	at org.springframework.web.servlet.FrameworkServlet.doPost(FrameworkServlet.java:909)
	at javax.servlet.http.HttpServlet.service(HttpServlet.java:681)
	at org.springframework.web.servlet.FrameworkServlet.service(FrameworkServlet.java:883)
	at javax.servlet.http.HttpServlet.service(HttpServlet.java:764)
	at org.apache.catalina.core.ApplicationFilterChain.internalDoFilter(ApplicationFilterChain.java:227)
	at org.apache.catalina.core.ApplicationFilterChain.doFilter(ApplicationFilterChain.java:162)
	at org.apache.tomcat.websocket.server.WsFilter.doFilter(WsFilter.java:53)
	at org.apache.catalina.core.ApplicationFilterChain.internalDoFilter(ApplicationFilterChain.java:189)
	at org.apache.catalina.core.ApplicationFilterChain.doFilter(ApplicationFilterChain.java:162)
	at org.springframework.web.filter.RequestContextFilter.doFilterInternal(RequestContextFilter.java:100)
	at org.springframework.web.filter.OncePerRequestFilter.doFilter(OncePerRequestFilter.java:117)
	at org.apache.catalina.core.ApplicationFilterChain.internalDoFilter(ApplicationFilterChain.java:189)
	at org.apache.catalina.core.ApplicationFilterChain.doFilter(ApplicationFilterChain.java:162)
	at org.springframework.web.filter.FormContentFilter.doFilterInternal(FormContentFilter.java:93)
	at org.springframework.web.filter.OncePerRequestFilter.doFilter(OncePerRequestFilter.java:117)
	at org.apache.catalina.core.ApplicationFilterChain.internalDoFilter(ApplicationFilterChain.java:189)
	at org.apache.catalina.core.ApplicationFilterChain.doFilter(ApplicationFilterChain.java:162)
	at org.springframework.web.filter.CharacterEncodingFilter.doFilterInternal(CharacterEncodingFilter.java:201)
	at org.springframework.web.filter.OncePerRequestFilter.doFilter(OncePerRequestFilter.java:117)
	at org.apache.catalina.core.ApplicationFilterChain.internalDoFilter(ApplicationFilterChain.java:189)
	at org.apache.catalina.core.ApplicationFilterChain.doFilter(ApplicationFilterChain.java:162)
	at org.apache.catalina.core.StandardWrapperValve.invoke(StandardWrapperValve.java:197)
	at org.apache.catalina.core.StandardContextValve.invoke(StandardContextValve.java:97)
	at org.apache.catalina.authenticator.AuthenticatorBase.invoke(AuthenticatorBase.java:541)
	at org.apache.catalina.core.StandardHostValve.invoke(StandardHostValve.java:135)
	at org.apache.catalina.valves.ErrorReportValve.invoke(ErrorReportValve.java:92)
	at org.apache.catalina.core.StandardEngineValve.invoke(StandardEngineValve.java:78)
	at org.apache.catalina.connector.CoyoteAdapter.service(CoyoteAdapter.java:360)
	at org.apache.coyote.http11.Http11Processor.service(Http11Processor.java:399)
	at org.apache.coyote.AbstractProcessorLight.process(AbstractProcessorLight.java:65)
	at org.apache.coyote.AbstractProtocol$ConnectionHandler.process(AbstractProtocol.java:890)
	at org.apache.tomcat.util.net.NioEndpoint$SocketProcessor.doRun(NioEndpoint.java:1789)
	at org.apache.tomcat.util.net.SocketProcessorBase.run(SocketProcessorBase.java:49)
	at org.apache.tomcat.util.threads.ThreadPoolExecutor.runWorker(ThreadPoolExecutor.java:1191)
	at org.apache.tomcat.util.threads.ThreadPoolExecutor$Worker.run(ThreadPoolExecutor.java:659)
	at org.apache.tomcat.util.threads.TaskThread$WrappingRunnable.run(TaskThread.java:61)
	at java.base/java.lang.Thread.run(Thread.java:833)
22:17:25.919 INFO  [main][QuestionnaireSystemApplication.logStarting(StartupInfoLogger.java:55)] Starting QuestionnaireSystemApplication using Java 17.0.2 on LAPTOP-M33DMIJP with PID 10536 (D:\QuestionnaireSystem java11\QuestionnaireSystem\bin\main started by user in D:\QuestionnaireSystem java11\QuestionnaireSystem)
22:17:25.929 INFO  [main][QuestionnaireSystemApplication.logStartupProfileInfo(SpringApplication.java:634)] No active profile set, falling back to 1 default profile: "default"
22:17:26.660 INFO  [main][RepositoryConfigurationDelegate.registerRepositoriesIn(RepositoryConfigurationDelegate.java:132)] Bootstrapping Spring Data JPA repositories in DEFAULT mode.
22:17:26.747 INFO  [main][RepositoryConfigurationDelegate.registerRepositoriesIn(RepositoryConfigurationDelegate.java:201)] Finished Spring Data repository scanning in 73 ms. Found 5 JPA repository interfaces.
22:17:27.518 INFO  [main][TomcatWebServer.initialize(TomcatWebServer.java:108)] Tomcat initialized with port(s): 8088 (http)
22:17:27.528 INFO  [main][Http11NioProtocol.log(DirectJDKLog.java:173)] Initializing ProtocolHandler ["http-nio-8088"]
22:17:27.529 INFO  [main][StandardService.log(DirectJDKLog.java:173)] Starting service [Tomcat]
22:17:27.529 INFO  [main][StandardEngine.log(DirectJDKLog.java:173)] Starting Servlet engine: [Apache Tomcat/9.0.65]
22:17:27.665 INFO  [main][[/].log(DirectJDKLog.java:173)] Initializing Spring embedded WebApplicationContext
22:17:27.665 INFO  [main][ServletWebServerApplicationContext.prepareWebApplicationContext(ServletWebServerApplicationContext.java:292)] Root WebApplicationContext: initialization completed in 1674 ms
22:17:27.861 INFO  [main][HikariDataSource.getConnection(HikariDataSource.java:110)] HikariPool-1 - Starting...
22:17:28.248 INFO  [main][HikariDataSource.getConnection(HikariDataSource.java:123)] HikariPool-1 - Start completed.
22:17:28.304 INFO  [main][LogHelper.logPersistenceUnitInformation(LogHelper.java:31)] HHH000204: Processing PersistenceUnitInfo [name: default]
22:17:28.358 INFO  [main][Version.logVersion(Version.java:44)] HHH000412: Hibernate ORM core version 5.6.10.Final
22:17:28.610 INFO  [main][Version.<clinit>(JavaReflectionManager.java:56)] HCANN000001: Hibernate Commons Annotations {5.1.2.Final}
22:17:28.738 INFO  [main][Dialect.<init>(Dialect.java:175)] HHH000400: Using dialect: org.hibernate.dialect.MySQL8Dialect
22:17:29.295 INFO  [main][JtaPlatformInitiator.initiateService(JtaPlatformInitiator.java:52)] HHH000490: Using JtaPlatform implementation: [org.hibernate.engine.transaction.jta.platform.internal.NoJtaPlatform]
22:17:29.305 INFO  [main][LocalContainerEntityManagerFactoryBean.buildNativeEntityManagerFactory(AbstractEntityManagerFactoryBean.java:437)] Initialized JPA EntityManagerFactory for persistence unit 'default'
22:17:29.859 WARN  [main][JpaBaseConfiguration$JpaWebConfiguration.openEntityManagerInViewInterceptor(JpaBaseConfiguration.java:219)] spring.jpa.open-in-view is enabled by default. Therefore, database queries may be performed during view rendering. Explicitly configure spring.jpa.open-in-view to disable this warning
22:17:30.024 INFO  [main][WelcomePageHandlerMapping.<init>(WelcomePageHandlerMapping.java:57)] Adding welcome page template: index
22:17:30.278 INFO  [main][Http11NioProtocol.log(DirectJDKLog.java:173)] Starting ProtocolHandler ["http-nio-8088"]
22:17:30.305 INFO  [main][TomcatWebServer.start(TomcatWebServer.java:220)] Tomcat started on port(s): 8088 (http) with context path ''
22:17:30.315 INFO  [main][QuestionnaireSystemApplication.logStarted(StartupInfoLogger.java:61)] Started QuestionnaireSystemApplication in 4.84 seconds (JVM running for 5.456)
22:17:36.956 INFO  [http-nio-8088-exec-1][[/].log(DirectJDKLog.java:173)] Initializing Spring DispatcherServlet 'dispatcherServlet'
22:17:36.956 INFO  [http-nio-8088-exec-1][DispatcherServlet.initServletBean(FrameworkServlet.java:525)] Initializing Servlet 'dispatcherServlet'
22:17:36.957 INFO  [http-nio-8088-exec-1][DispatcherServlet.initServletBean(FrameworkServlet.java:547)] Completed initialization in 1 ms
22:17:46.051 ERROR [http-nio-8088-exec-7][[dispatcherServlet].log(DirectJDKLog.java:175)] Servlet.service() for servlet [dispatcherServlet] in context with path [] threw exception [Request processing failed; nested exception is java.lang.NullPointerException: Cannot invoke "Object.equals(Object)" because "index" is null] with root cause
java.lang.NullPointerException: Cannot invoke "Object.equals(Object)" because "index" is null
	at com.QuestionnaireProject.QuestionnaireSystem.controller.EditController.removeQuestion(EditController.java:269)
	at java.base/jdk.internal.reflect.NativeMethodAccessorImpl.invoke0(Native Method)
	at java.base/jdk.internal.reflect.NativeMethodAccessorImpl.invoke(NativeMethodAccessorImpl.java:77)
	at java.base/jdk.internal.reflect.DelegatingMethodAccessorImpl.invoke(DelegatingMethodAccessorImpl.java:43)
	at java.base/java.lang.reflect.Method.invoke(Method.java:568)
	at org.springframework.web.method.support.InvocableHandlerMethod.doInvoke(InvocableHandlerMethod.java:205)
	at org.springframework.web.method.support.InvocableHandlerMethod.invokeForRequest(InvocableHandlerMethod.java:150)
	at org.springframework.web.servlet.mvc.method.annotation.ServletInvocableHandlerMethod.invokeAndHandle(ServletInvocableHandlerMethod.java:117)
	at org.springframework.web.servlet.mvc.method.annotation.RequestMappingHandlerAdapter.invokeHandlerMethod(RequestMappingHandlerAdapter.java:895)
	at org.springframework.web.servlet.mvc.method.annotation.RequestMappingHandlerAdapter.handleInternal(RequestMappingHandlerAdapter.java:808)
	at org.springframework.web.servlet.mvc.method.AbstractHandlerMethodAdapter.handle(AbstractHandlerMethodAdapter.java:87)
	at org.springframework.web.servlet.DispatcherServlet.doDispatch(DispatcherServlet.java:1070)
	at org.springframework.web.servlet.DispatcherServlet.doService(DispatcherServlet.java:963)
	at org.springframework.web.servlet.FrameworkServlet.processRequest(FrameworkServlet.java:1006)
	at org.springframework.web.servlet.FrameworkServlet.doPost(FrameworkServlet.java:909)
	at javax.servlet.http.HttpServlet.service(HttpServlet.java:681)
	at org.springframework.web.servlet.FrameworkServlet.service(FrameworkServlet.java:883)
	at javax.servlet.http.HttpServlet.service(HttpServlet.java:764)
	at org.apache.catalina.core.ApplicationFilterChain.internalDoFilter(ApplicationFilterChain.java:227)
	at org.apache.catalina.core.ApplicationFilterChain.doFilter(ApplicationFilterChain.java:162)
	at org.apache.tomcat.websocket.server.WsFilter.doFilter(WsFilter.java:53)
	at org.apache.catalina.core.ApplicationFilterChain.internalDoFilter(ApplicationFilterChain.java:189)
	at org.apache.catalina.core.ApplicationFilterChain.doFilter(ApplicationFilterChain.java:162)
	at org.springframework.web.filter.RequestContextFilter.doFilterInternal(RequestContextFilter.java:100)
	at org.springframework.web.filter.OncePerRequestFilter.doFilter(OncePerRequestFilter.java:117)
	at org.apache.catalina.core.ApplicationFilterChain.internalDoFilter(ApplicationFilterChain.java:189)
	at org.apache.catalina.core.ApplicationFilterChain.doFilter(ApplicationFilterChain.java:162)
	at org.springframework.web.filter.FormContentFilter.doFilterInternal(FormContentFilter.java:93)
	at org.springframework.web.filter.OncePerRequestFilter.doFilter(OncePerRequestFilter.java:117)
	at org.apache.catalina.core.ApplicationFilterChain.internalDoFilter(ApplicationFilterChain.java:189)
	at org.apache.catalina.core.ApplicationFilterChain.doFilter(ApplicationFilterChain.java:162)
	at org.springframework.web.filter.CharacterEncodingFilter.doFilterInternal(CharacterEncodingFilter.java:201)
	at org.springframework.web.filter.OncePerRequestFilter.doFilter(OncePerRequestFilter.java:117)
	at org.apache.catalina.core.ApplicationFilterChain.internalDoFilter(ApplicationFilterChain.java:189)
	at org.apache.catalina.core.ApplicationFilterChain.doFilter(ApplicationFilterChain.java:162)
	at org.apache.catalina.core.StandardWrapperValve.invoke(StandardWrapperValve.java:197)
	at org.apache.catalina.core.StandardContextValve.invoke(StandardContextValve.java:97)
	at org.apache.catalina.authenticator.AuthenticatorBase.invoke(AuthenticatorBase.java:541)
	at org.apache.catalina.core.StandardHostValve.invoke(StandardHostValve.java:135)
	at org.apache.catalina.valves.ErrorReportValve.invoke(ErrorReportValve.java:92)
	at org.apache.catalina.core.StandardEngineValve.invoke(StandardEngineValve.java:78)
	at org.apache.catalina.connector.CoyoteAdapter.service(CoyoteAdapter.java:360)
	at org.apache.coyote.http11.Http11Processor.service(Http11Processor.java:399)
	at org.apache.coyote.AbstractProcessorLight.process(AbstractProcessorLight.java:65)
	at org.apache.coyote.AbstractProtocol$ConnectionHandler.process(AbstractProtocol.java:890)
	at org.apache.tomcat.util.net.NioEndpoint$SocketProcessor.doRun(NioEndpoint.java:1789)
	at org.apache.tomcat.util.net.SocketProcessorBase.run(SocketProcessorBase.java:49)
	at org.apache.tomcat.util.threads.ThreadPoolExecutor.runWorker(ThreadPoolExecutor.java:1191)
	at org.apache.tomcat.util.threads.ThreadPoolExecutor$Worker.run(ThreadPoolExecutor.java:659)
	at org.apache.tomcat.util.threads.TaskThread$WrappingRunnable.run(TaskThread.java:61)
	at java.base/java.lang.Thread.run(Thread.java:833)
22:18:08.743 INFO  [main][QuestionnaireSystemApplication.logStarting(StartupInfoLogger.java:55)] Starting QuestionnaireSystemApplication using Java 17.0.2 on LAPTOP-M33DMIJP with PID 828 (D:\QuestionnaireSystem java11\QuestionnaireSystem\bin\main started by user in D:\QuestionnaireSystem java11\QuestionnaireSystem)
22:18:08.747 INFO  [main][QuestionnaireSystemApplication.logStartupProfileInfo(SpringApplication.java:634)] No active profile set, falling back to 1 default profile: "default"
22:18:09.825 INFO  [main][RepositoryConfigurationDelegate.registerRepositoriesIn(RepositoryConfigurationDelegate.java:132)] Bootstrapping Spring Data JPA repositories in DEFAULT mode.
22:18:09.941 INFO  [main][RepositoryConfigurationDelegate.registerRepositoriesIn(RepositoryConfigurationDelegate.java:201)] Finished Spring Data repository scanning in 103 ms. Found 5 JPA repository interfaces.
22:18:10.931 INFO  [main][TomcatWebServer.initialize(TomcatWebServer.java:108)] Tomcat initialized with port(s): 8088 (http)
22:18:10.944 INFO  [main][Http11NioProtocol.log(DirectJDKLog.java:173)] Initializing ProtocolHandler ["http-nio-8088"]
22:18:10.945 INFO  [main][StandardService.log(DirectJDKLog.java:173)] Starting service [Tomcat]
22:18:10.945 INFO  [main][StandardEngine.log(DirectJDKLog.java:173)] Starting Servlet engine: [Apache Tomcat/9.0.65]
22:18:11.099 INFO  [main][[/].log(DirectJDKLog.java:173)] Initializing Spring embedded WebApplicationContext
22:18:11.100 INFO  [main][ServletWebServerApplicationContext.prepareWebApplicationContext(ServletWebServerApplicationContext.java:292)] Root WebApplicationContext: initialization completed in 2282 ms
22:18:11.343 INFO  [main][HikariDataSource.getConnection(HikariDataSource.java:110)] HikariPool-1 - Starting...
22:18:11.720 INFO  [main][HikariDataSource.getConnection(HikariDataSource.java:123)] HikariPool-1 - Start completed.
22:18:11.786 INFO  [main][LogHelper.logPersistenceUnitInformation(LogHelper.java:31)] HHH000204: Processing PersistenceUnitInfo [name: default]
22:18:11.875 INFO  [main][Version.logVersion(Version.java:44)] HHH000412: Hibernate ORM core version 5.6.10.Final
22:18:12.171 INFO  [main][Version.<clinit>(JavaReflectionManager.java:56)] HCANN000001: Hibernate Commons Annotations {5.1.2.Final}
22:18:12.388 INFO  [main][Dialect.<init>(Dialect.java:175)] HHH000400: Using dialect: org.hibernate.dialect.MySQL8Dialect
22:18:13.090 INFO  [main][JtaPlatformInitiator.initiateService(JtaPlatformInitiator.java:52)] HHH000490: Using JtaPlatform implementation: [org.hibernate.engine.transaction.jta.platform.internal.NoJtaPlatform]
22:18:13.101 INFO  [main][LocalContainerEntityManagerFactoryBean.buildNativeEntityManagerFactory(AbstractEntityManagerFactoryBean.java:437)] Initialized JPA EntityManagerFactory for persistence unit 'default'
22:18:13.800 WARN  [main][JpaBaseConfiguration$JpaWebConfiguration.openEntityManagerInViewInterceptor(JpaBaseConfiguration.java:219)] spring.jpa.open-in-view is enabled by default. Therefore, database queries may be performed during view rendering. Explicitly configure spring.jpa.open-in-view to disable this warning
22:18:14.002 INFO  [main][WelcomePageHandlerMapping.<init>(WelcomePageHandlerMapping.java:57)] Adding welcome page template: index
22:18:14.291 INFO  [main][Http11NioProtocol.log(DirectJDKLog.java:173)] Starting ProtocolHandler ["http-nio-8088"]
22:18:14.323 INFO  [main][TomcatWebServer.start(TomcatWebServer.java:220)] Tomcat started on port(s): 8088 (http) with context path ''
22:18:14.335 INFO  [main][QuestionnaireSystemApplication.logStarted(StartupInfoLogger.java:61)] Started QuestionnaireSystemApplication in 5.993 seconds (JVM running for 6.621)
22:18:14.534 INFO  [http-nio-8088-exec-1][[/].log(DirectJDKLog.java:173)] Initializing Spring DispatcherServlet 'dispatcherServlet'
22:18:14.534 INFO  [http-nio-8088-exec-1][DispatcherServlet.initServletBean(FrameworkServlet.java:525)] Initializing Servlet 'dispatcherServlet'
22:18:14.535 INFO  [http-nio-8088-exec-1][DispatcherServlet.initServletBean(FrameworkServlet.java:547)] Completed initialization in 1 ms
22:25:10.383 INFO  [main][QuestionnaireSystemApplication.logStarting(StartupInfoLogger.java:55)] Starting QuestionnaireSystemApplication using Java 17.0.2 on LAPTOP-M33DMIJP with PID 5968 (D:\QuestionnaireSystem java11\QuestionnaireSystem\bin\main started by user in D:\QuestionnaireSystem java11\QuestionnaireSystem)
22:25:10.388 INFO  [main][QuestionnaireSystemApplication.logStartupProfileInfo(SpringApplication.java:634)] No active profile set, falling back to 1 default profile: "default"
22:25:11.323 INFO  [main][RepositoryConfigurationDelegate.registerRepositoriesIn(RepositoryConfigurationDelegate.java:132)] Bootstrapping Spring Data JPA repositories in DEFAULT mode.
22:25:11.419 INFO  [main][RepositoryConfigurationDelegate.registerRepositoriesIn(RepositoryConfigurationDelegate.java:201)] Finished Spring Data repository scanning in 83 ms. Found 5 JPA repository interfaces.
22:25:12.356 INFO  [main][TomcatWebServer.initialize(TomcatWebServer.java:108)] Tomcat initialized with port(s): 8088 (http)
22:25:12.374 INFO  [main][Http11NioProtocol.log(DirectJDKLog.java:173)] Initializing ProtocolHandler ["http-nio-8088"]
22:25:12.374 INFO  [main][StandardService.log(DirectJDKLog.java:173)] Starting service [Tomcat]
22:25:12.375 INFO  [main][StandardEngine.log(DirectJDKLog.java:173)] Starting Servlet engine: [Apache Tomcat/9.0.65]
22:25:12.536 INFO  [main][[/].log(DirectJDKLog.java:173)] Initializing Spring embedded WebApplicationContext
22:25:12.537 INFO  [main][ServletWebServerApplicationContext.prepareWebApplicationContext(ServletWebServerApplicationContext.java:292)] Root WebApplicationContext: initialization completed in 2079 ms
22:25:12.790 INFO  [main][HikariDataSource.getConnection(HikariDataSource.java:110)] HikariPool-1 - Starting...
22:25:13.204 INFO  [main][HikariDataSource.getConnection(HikariDataSource.java:123)] HikariPool-1 - Start completed.
22:25:13.273 INFO  [main][LogHelper.logPersistenceUnitInformation(LogHelper.java:31)] HHH000204: Processing PersistenceUnitInfo [name: default]
22:25:13.545 INFO  [main][Version.logVersion(Version.java:44)] HHH000412: Hibernate ORM core version 5.6.10.Final
22:25:13.798 INFO  [main][Version.<clinit>(JavaReflectionManager.java:56)] HCANN000001: Hibernate Commons Annotations {5.1.2.Final}
22:25:13.959 INFO  [main][Dialect.<init>(Dialect.java:175)] HHH000400: Using dialect: org.hibernate.dialect.MySQL8Dialect
22:25:14.593 INFO  [main][JtaPlatformInitiator.initiateService(JtaPlatformInitiator.java:52)] HHH000490: Using JtaPlatform implementation: [org.hibernate.engine.transaction.jta.platform.internal.NoJtaPlatform]
22:25:14.604 INFO  [main][LocalContainerEntityManagerFactoryBean.buildNativeEntityManagerFactory(AbstractEntityManagerFactoryBean.java:437)] Initialized JPA EntityManagerFactory for persistence unit 'default'
22:25:15.254 WARN  [main][JpaBaseConfiguration$JpaWebConfiguration.openEntityManagerInViewInterceptor(JpaBaseConfiguration.java:219)] spring.jpa.open-in-view is enabled by default. Therefore, database queries may be performed during view rendering. Explicitly configure spring.jpa.open-in-view to disable this warning
22:25:15.455 INFO  [main][WelcomePageHandlerMapping.<init>(WelcomePageHandlerMapping.java:57)] Adding welcome page template: index
22:25:15.770 INFO  [main][Http11NioProtocol.log(DirectJDKLog.java:173)] Starting ProtocolHandler ["http-nio-8088"]
22:25:15.805 INFO  [main][TomcatWebServer.start(TomcatWebServer.java:220)] Tomcat started on port(s): 8088 (http) with context path ''
22:25:15.817 INFO  [main][QuestionnaireSystemApplication.logStarted(StartupInfoLogger.java:61)] Started QuestionnaireSystemApplication in 5.913 seconds (JVM running for 6.52)
22:25:15.890 INFO  [http-nio-8088-exec-1][[/].log(DirectJDKLog.java:173)] Initializing Spring DispatcherServlet 'dispatcherServlet'
22:25:15.890 INFO  [http-nio-8088-exec-1][DispatcherServlet.initServletBean(FrameworkServlet.java:525)] Initializing Servlet 'dispatcherServlet'
22:25:15.892 INFO  [http-nio-8088-exec-1][DispatcherServlet.initServletBean(FrameworkServlet.java:547)] Completed initialization in 2 ms
