00:29:13.835 INFO  [main][QuestionnaireSystemApplication.logStarting(StartupInfoLogger.java:55)] Starting QuestionnaireSystemApplication using Java 17.0.2 on LAPTOP-M33DMIJP with PID 10112 (D:\QuestionnaireSystem java11\QuestionnaireSystem\bin\main started by user in D:\QuestionnaireSystem java11\QuestionnaireSystem)
00:29:13.840 INFO  [main][QuestionnaireSystemApplication.logStartupProfileInfo(SpringApplication.java:634)] No active profile set, falling back to 1 default profile: "default"
00:29:14.528 INFO  [main][RepositoryConfigurationDelegate.registerRepositoriesIn(RepositoryConfigurationDelegate.java:132)] Bootstrapping Spring Data JPA repositories in DEFAULT mode.
00:29:14.600 INFO  [main][RepositoryConfigurationDelegate.registerRepositoriesIn(RepositoryConfigurationDelegate.java:201)] Finished Spring Data repository scanning in 62 ms. Found 5 JPA repository interfaces.
00:29:15.829 INFO  [main][TomcatWebServer.initialize(TomcatWebServer.java:108)] Tomcat initialized with port(s): 8088 (http)
00:29:15.841 INFO  [main][Http11NioProtocol.log(DirectJDKLog.java:173)] Initializing ProtocolHandler ["http-nio-8088"]
00:29:15.841 INFO  [main][StandardService.log(DirectJDKLog.java:173)] Starting service [Tomcat]
00:29:15.842 INFO  [main][StandardEngine.log(DirectJDKLog.java:173)] Starting Servlet engine: [Apache Tomcat/9.0.65]
00:29:16.014 INFO  [main][[/].log(DirectJDKLog.java:173)] Initializing Spring embedded WebApplicationContext
00:29:16.014 INFO  [main][ServletWebServerApplicationContext.prepareWebApplicationContext(ServletWebServerApplicationContext.java:292)] Root WebApplicationContext: initialization completed in 2116 ms
00:29:16.216 INFO  [main][HikariDataSource.getConnection(HikariDataSource.java:110)] HikariPool-1 - Starting...
00:29:16.570 INFO  [main][HikariDataSource.getConnection(HikariDataSource.java:123)] HikariPool-1 - Start completed.
00:29:16.620 INFO  [main][LogHelper.logPersistenceUnitInformation(LogHelper.java:31)] HHH000204: Processing PersistenceUnitInfo [name: default]
00:29:16.667 INFO  [main][Version.logVersion(Version.java:44)] HHH000412: Hibernate ORM core version 5.6.10.Final
00:29:16.869 INFO  [main][Version.<clinit>(JavaReflectionManager.java:56)] HCANN000001: Hibernate Commons Annotations {5.1.2.Final}
00:29:16.998 INFO  [main][Dialect.<init>(Dialect.java:175)] HHH000400: Using dialect: org.hibernate.dialect.MySQL8Dialect
00:29:17.513 INFO  [main][JtaPlatformInitiator.initiateService(JtaPlatformInitiator.java:52)] HHH000490: Using JtaPlatform implementation: [org.hibernate.engine.transaction.jta.platform.internal.NoJtaPlatform]
00:29:17.522 INFO  [main][LocalContainerEntityManagerFactoryBean.buildNativeEntityManagerFactory(AbstractEntityManagerFactoryBean.java:437)] Initialized JPA EntityManagerFactory for persistence unit 'default'
00:29:18.088 WARN  [main][JpaBaseConfiguration$JpaWebConfiguration.openEntityManagerInViewInterceptor(JpaBaseConfiguration.java:219)] spring.jpa.open-in-view is enabled by default. Therefore, database queries may be performed during view rendering. Explicitly configure spring.jpa.open-in-view to disable this warning
00:29:18.230 INFO  [main][WelcomePageHandlerMapping.<init>(WelcomePageHandlerMapping.java:57)] Adding welcome page template: index
00:29:18.448 INFO  [main][Http11NioProtocol.log(DirectJDKLog.java:173)] Starting ProtocolHandler ["http-nio-8088"]
00:29:18.471 INFO  [main][TomcatWebServer.start(TomcatWebServer.java:220)] Tomcat started on port(s): 8088 (http) with context path ''
00:29:18.480 INFO  [main][QuestionnaireSystemApplication.logStarted(StartupInfoLogger.java:61)] Started QuestionnaireSystemApplication in 5.053 seconds (JVM running for 5.75)
00:29:45.096 INFO  [http-nio-8088-exec-1][[/].log(DirectJDKLog.java:173)] Initializing Spring DispatcherServlet 'dispatcherServlet'
00:29:45.097 INFO  [http-nio-8088-exec-1][DispatcherServlet.initServletBean(FrameworkServlet.java:525)] Initializing Servlet 'dispatcherServlet'
00:29:45.098 INFO  [http-nio-8088-exec-1][DispatcherServlet.initServletBean(FrameworkServlet.java:547)] Completed initialization in 1 ms
00:29:45.299 WARN  [http-nio-8088-exec-1][SessionIdGeneratorBase.log(DirectJDKLog.java:173)] Creation of SecureRandom instance for session ID generation using [SHA1PRNG] took [118] milliseconds.
