10:00:39.217 INFO  [main][SpringBootTestContextBootstrapper.buildDefaultMergedContextConfiguration(AbstractTestContextBootstrapper.java:305)] Neither @ContextConfiguration nor @ContextHierarchy found for test class [com.QuestionnaireProject.QuestionnaireSystem.SurveyTest], using SpringBootContextLoader
10:00:39.224 INFO  [main][AbstractContextLoader.generateDefaultLocations(AbstractContextLoader.java:264)] Could not detect default resource locations for test class [com.QuestionnaireProject.QuestionnaireSystem.SurveyTest]: no resource found for suffixes {-context.xml, Context.groovy}.
10:00:39.393 INFO  [main][SpringBootTestContextBootstrapper.getDefaultTestExecutionListenerClassNames(AbstractTestContextBootstrapper.java:245)] Loaded default TestExecutionListener class names from location [META-INF/spring.factories]: [org.springframework.boot.test.autoconfigure.restdocs.RestDocsTestExecutionListener, org.springframework.boot.test.autoconfigure.web.client.MockRestServiceServerResetTestExecutionListener, org.springframework.boot.test.autoconfigure.web.servlet.MockMvcPrintOnlyOnFailureTestExecutionListener, org.springframework.boot.test.autoconfigure.web.servlet.WebDriverTestExecutionListener, org.springframework.boot.test.autoconfigure.webservices.client.MockWebServiceServerTestExecutionListener, org.springframework.boot.test.mock.mockito.MockitoTestExecutionListener, org.springframework.boot.test.mock.mockito.ResetMocksTestExecutionListener, org.springframework.test.context.web.ServletTestExecutionListener, org.springframework.test.context.support.DirtiesContextBeforeModesTestExecutionListener, org.springframework.test.context.event.ApplicationEventsTestExecutionListener, org.springframework.test.context.support.DependencyInjectionTestExecutionListener, org.springframework.test.context.support.DirtiesContextTestExecutionListener, org.springframework.test.context.transaction.TransactionalTestExecutionListener, org.springframework.test.context.jdbc.SqlScriptsTestExecutionListener, org.springframework.test.context.event.EventPublishingTestExecutionListener]
10:00:39.408 INFO  [main][SpringBootTestContextBootstrapper.getTestExecutionListeners(AbstractTestContextBootstrapper.java:174)] Using TestExecutionListeners: [org.springframework.test.context.web.ServletTestExecutionListener@3234f74e, org.springframework.test.context.support.DirtiesContextBeforeModesTestExecutionListener@7bc10d84, org.springframework.test.context.event.ApplicationEventsTestExecutionListener@275fe372, org.springframework.boot.test.mock.mockito.MockitoTestExecutionListener@40e10ff8, org.springframework.boot.test.autoconfigure.SpringBootDependencyInjectionTestExecutionListener@557a1e2d, org.springframework.test.context.support.DirtiesContextTestExecutionListener@26a4842b, org.springframework.test.context.transaction.TransactionalTestExecutionListener@7e38a7fe, org.springframework.test.context.jdbc.SqlScriptsTestExecutionListener@366ef90e, org.springframework.test.context.event.EventPublishingTestExecutionListener@33e01298, org.springframework.boot.test.autoconfigure.restdocs.RestDocsTestExecutionListener@31e75d13, org.springframework.boot.test.autoconfigure.web.client.MockRestServiceServerResetTestExecutionListener@a5b0b86, org.springframework.boot.test.autoconfigure.web.servlet.MockMvcPrintOnlyOnFailureTestExecutionListener@4b3c354a, org.springframework.boot.test.autoconfigure.web.servlet.WebDriverTestExecutionListener@78fb9a67, org.springframework.boot.test.autoconfigure.webservices.client.MockWebServiceServerTestExecutionListener@73ff4fae, org.springframework.boot.test.mock.mockito.ResetMocksTestExecutionListener@21aa6d6c]
10:00:39.699 INFO  [main][SurveyTest.logStarting(StartupInfoLogger.java:55)] Starting SurveyTest using Java 17.0.2 on LAPTOP-M33DMIJP with PID 12872 (started by user in D:\QuestionnaireSystem java11\QuestionnaireSystem)
10:00:39.701 INFO  [main][SurveyTest.logStartupProfileInfo(SpringApplication.java:634)] No active profile set, falling back to 1 default profile: "default"
10:00:40.285 INFO  [main][RepositoryConfigurationDelegate.registerRepositoriesIn(RepositoryConfigurationDelegate.java:132)] Bootstrapping Spring Data JPA repositories in DEFAULT mode.
10:00:40.366 INFO  [main][RepositoryConfigurationDelegate.registerRepositoriesIn(RepositoryConfigurationDelegate.java:201)] Finished Spring Data repository scanning in 71 ms. Found 5 JPA repository interfaces.
10:00:40.969 INFO  [main][HikariDataSource.getConnection(HikariDataSource.java:110)] HikariPool-1 - Starting...
10:00:41.413 INFO  [main][HikariDataSource.getConnection(HikariDataSource.java:123)] HikariPool-1 - Start completed.
10:00:41.481 INFO  [main][LogHelper.logPersistenceUnitInformation(LogHelper.java:31)] HHH000204: Processing PersistenceUnitInfo [name: default]
10:00:41.534 INFO  [main][Version.logVersion(Version.java:44)] HHH000412: Hibernate ORM core version 5.6.10.Final
10:00:41.887 INFO  [main][Version.<clinit>(JavaReflectionManager.java:56)] HCANN000001: Hibernate Commons Annotations {5.1.2.Final}
10:00:42.028 INFO  [main][Dialect.<init>(Dialect.java:175)] HHH000400: Using dialect: org.hibernate.dialect.MySQL8Dialect
10:00:42.563 INFO  [main][JtaPlatformInitiator.initiateService(JtaPlatformInitiator.java:52)] HHH000490: Using JtaPlatform implementation: [org.hibernate.engine.transaction.jta.platform.internal.NoJtaPlatform]
10:00:42.575 INFO  [main][LocalContainerEntityManagerFactoryBean.buildNativeEntityManagerFactory(AbstractEntityManagerFactoryBean.java:437)] Initialized JPA EntityManagerFactory for persistence unit 'default'
10:00:43.425 WARN  [main][JpaBaseConfiguration$JpaWebConfiguration.openEntityManagerInViewInterceptor(JpaBaseConfiguration.java:219)] spring.jpa.open-in-view is enabled by default. Therefore, database queries may be performed during view rendering. Explicitly configure spring.jpa.open-in-view to disable this warning
10:00:43.705 INFO  [main][WelcomePageHandlerMapping.<init>(WelcomePageHandlerMapping.java:57)] Adding welcome page template: index
10:00:44.130 INFO  [main][SurveyTest.logStarted(StartupInfoLogger.java:61)] Started SurveyTest in 4.691 seconds (JVM running for 6.155)
10:00:44.365 INFO  [SpringApplicationShutdownHook][LocalContainerEntityManagerFactoryBean.destroy(AbstractEntityManagerFactoryBean.java:651)] Closing JPA EntityManagerFactory for persistence unit 'default'
10:00:44.368 INFO  [SpringApplicationShutdownHook][HikariDataSource.close(HikariDataSource.java:350)] HikariPool-1 - Shutdown initiated...
10:00:44.378 INFO  [SpringApplicationShutdownHook][HikariDataSource.close(HikariDataSource.java:352)] HikariPool-1 - Shutdown completed.
13:31:56.969 INFO  [main][SpringBootTestContextBootstrapper.buildDefaultMergedContextConfiguration(AbstractTestContextBootstrapper.java:305)] Neither @ContextConfiguration nor @ContextHierarchy found for test class [com.QuestionnaireProject.QuestionnaireSystem.SurveyTest], using SpringBootContextLoader
13:31:56.976 INFO  [main][AbstractContextLoader.generateDefaultLocations(AbstractContextLoader.java:264)] Could not detect default resource locations for test class [com.QuestionnaireProject.QuestionnaireSystem.SurveyTest]: no resource found for suffixes {-context.xml, Context.groovy}.
13:31:57.153 INFO  [main][SpringBootTestContextBootstrapper.getDefaultTestExecutionListenerClassNames(AbstractTestContextBootstrapper.java:245)] Loaded default TestExecutionListener class names from location [META-INF/spring.factories]: [org.springframework.boot.test.autoconfigure.restdocs.RestDocsTestExecutionListener, org.springframework.boot.test.autoconfigure.web.client.MockRestServiceServerResetTestExecutionListener, org.springframework.boot.test.autoconfigure.web.servlet.MockMvcPrintOnlyOnFailureTestExecutionListener, org.springframework.boot.test.autoconfigure.web.servlet.WebDriverTestExecutionListener, org.springframework.boot.test.autoconfigure.webservices.client.MockWebServiceServerTestExecutionListener, org.springframework.boot.test.mock.mockito.MockitoTestExecutionListener, org.springframework.boot.test.mock.mockito.ResetMocksTestExecutionListener, org.springframework.test.context.web.ServletTestExecutionListener, org.springframework.test.context.support.DirtiesContextBeforeModesTestExecutionListener, org.springframework.test.context.event.ApplicationEventsTestExecutionListener, org.springframework.test.context.support.DependencyInjectionTestExecutionListener, org.springframework.test.context.support.DirtiesContextTestExecutionListener, org.springframework.test.context.transaction.TransactionalTestExecutionListener, org.springframework.test.context.jdbc.SqlScriptsTestExecutionListener, org.springframework.test.context.event.EventPublishingTestExecutionListener]
13:31:57.168 INFO  [main][SpringBootTestContextBootstrapper.getTestExecutionListeners(AbstractTestContextBootstrapper.java:174)] Using TestExecutionListeners: [org.springframework.test.context.web.ServletTestExecutionListener@3234f74e, org.springframework.test.context.support.DirtiesContextBeforeModesTestExecutionListener@7bc10d84, org.springframework.test.context.event.ApplicationEventsTestExecutionListener@275fe372, org.springframework.boot.test.mock.mockito.MockitoTestExecutionListener@40e10ff8, org.springframework.boot.test.autoconfigure.SpringBootDependencyInjectionTestExecutionListener@557a1e2d, org.springframework.test.context.support.DirtiesContextTestExecutionListener@26a4842b, org.springframework.test.context.transaction.TransactionalTestExecutionListener@7e38a7fe, org.springframework.test.context.jdbc.SqlScriptsTestExecutionListener@366ef90e, org.springframework.test.context.event.EventPublishingTestExecutionListener@33e01298, org.springframework.boot.test.autoconfigure.restdocs.RestDocsTestExecutionListener@31e75d13, org.springframework.boot.test.autoconfigure.web.client.MockRestServiceServerResetTestExecutionListener@a5b0b86, org.springframework.boot.test.autoconfigure.web.servlet.MockMvcPrintOnlyOnFailureTestExecutionListener@4b3c354a, org.springframework.boot.test.autoconfigure.web.servlet.WebDriverTestExecutionListener@78fb9a67, org.springframework.boot.test.autoconfigure.webservices.client.MockWebServiceServerTestExecutionListener@73ff4fae, org.springframework.boot.test.mock.mockito.ResetMocksTestExecutionListener@21aa6d6c]
13:31:57.434 INFO  [main][SurveyTest.logStarting(StartupInfoLogger.java:55)] Starting SurveyTest using Java 17.0.2 on LAPTOP-M33DMIJP with PID 7784 (started by user in D:\QuestionnaireSystem java11\QuestionnaireSystem)
13:31:57.435 INFO  [main][SurveyTest.logStartupProfileInfo(SpringApplication.java:634)] No active profile set, falling back to 1 default profile: "default"
13:31:58.019 INFO  [main][RepositoryConfigurationDelegate.registerRepositoriesIn(RepositoryConfigurationDelegate.java:132)] Bootstrapping Spring Data JPA repositories in DEFAULT mode.
13:31:58.089 INFO  [main][RepositoryConfigurationDelegate.registerRepositoriesIn(RepositoryConfigurationDelegate.java:201)] Finished Spring Data repository scanning in 57 ms. Found 5 JPA repository interfaces.
13:31:58.599 INFO  [main][HikariDataSource.getConnection(HikariDataSource.java:110)] HikariPool-1 - Starting...
13:31:59.008 INFO  [main][HikariDataSource.getConnection(HikariDataSource.java:123)] HikariPool-1 - Start completed.
13:31:59.070 INFO  [main][LogHelper.logPersistenceUnitInformation(LogHelper.java:31)] HHH000204: Processing PersistenceUnitInfo [name: default]
13:31:59.117 INFO  [main][Version.logVersion(Version.java:44)] HHH000412: Hibernate ORM core version 5.6.10.Final
13:31:59.406 INFO  [main][Version.<clinit>(JavaReflectionManager.java:56)] HCANN000001: Hibernate Commons Annotations {5.1.2.Final}
13:31:59.523 INFO  [main][Dialect.<init>(Dialect.java:175)] HHH000400: Using dialect: org.hibernate.dialect.MySQL8Dialect
13:32:00.038 INFO  [main][JtaPlatformInitiator.initiateService(JtaPlatformInitiator.java:52)] HHH000490: Using JtaPlatform implementation: [org.hibernate.engine.transaction.jta.platform.internal.NoJtaPlatform]
13:32:00.047 INFO  [main][LocalContainerEntityManagerFactoryBean.buildNativeEntityManagerFactory(AbstractEntityManagerFactoryBean.java:437)] Initialized JPA EntityManagerFactory for persistence unit 'default'
13:32:00.792 WARN  [main][JpaBaseConfiguration$JpaWebConfiguration.openEntityManagerInViewInterceptor(JpaBaseConfiguration.java:219)] spring.jpa.open-in-view is enabled by default. Therefore, database queries may be performed during view rendering. Explicitly configure spring.jpa.open-in-view to disable this warning
13:32:01.055 INFO  [main][WelcomePageHandlerMapping.<init>(WelcomePageHandlerMapping.java:57)] Adding welcome page template: index
13:32:01.449 INFO  [main][SurveyTest.logStarted(StartupInfoLogger.java:61)] Started SurveyTest in 4.251 seconds (JVM running for 5.383)
13:32:01.665 INFO  [SpringApplicationShutdownHook][LocalContainerEntityManagerFactoryBean.destroy(AbstractEntityManagerFactoryBean.java:651)] Closing JPA EntityManagerFactory for persistence unit 'default'
13:32:01.668 INFO  [SpringApplicationShutdownHook][HikariDataSource.close(HikariDataSource.java:350)] HikariPool-1 - Shutdown initiated...
13:32:01.679 INFO  [SpringApplicationShutdownHook][HikariDataSource.close(HikariDataSource.java:352)] HikariPool-1 - Shutdown completed.
13:32:48.582 INFO  [main][QuestionnaireSystemApplication.logStarting(StartupInfoLogger.java:55)] Starting QuestionnaireSystemApplication using Java 17.0.2 on LAPTOP-M33DMIJP with PID 1512 (D:\QuestionnaireSystem java11\QuestionnaireSystem\bin\main started by user in D:\QuestionnaireSystem java11\QuestionnaireSystem)
13:32:48.586 INFO  [main][QuestionnaireSystemApplication.logStartupProfileInfo(SpringApplication.java:634)] No active profile set, falling back to 1 default profile: "default"
13:32:49.208 INFO  [main][RepositoryConfigurationDelegate.registerRepositoriesIn(RepositoryConfigurationDelegate.java:132)] Bootstrapping Spring Data JPA repositories in DEFAULT mode.
13:32:49.277 INFO  [main][RepositoryConfigurationDelegate.registerRepositoriesIn(RepositoryConfigurationDelegate.java:201)] Finished Spring Data repository scanning in 58 ms. Found 5 JPA repository interfaces.
13:32:49.997 INFO  [main][TomcatWebServer.initialize(TomcatWebServer.java:108)] Tomcat initialized with port(s): 8088 (http)
13:32:50.009 INFO  [main][Http11NioProtocol.log(DirectJDKLog.java:173)] Initializing ProtocolHandler ["http-nio-8088"]
13:32:50.009 INFO  [main][StandardService.log(DirectJDKLog.java:173)] Starting service [Tomcat]
13:32:50.009 INFO  [main][StandardEngine.log(DirectJDKLog.java:173)] Starting Servlet engine: [Apache Tomcat/9.0.65]
13:32:50.132 INFO  [main][[/].log(DirectJDKLog.java:173)] Initializing Spring embedded WebApplicationContext
13:32:50.132 INFO  [main][ServletWebServerApplicationContext.prepareWebApplicationContext(ServletWebServerApplicationContext.java:292)] Root WebApplicationContext: initialization completed in 1497 ms
13:32:50.296 INFO  [main][HikariDataSource.getConnection(HikariDataSource.java:110)] HikariPool-1 - Starting...
13:32:50.631 INFO  [main][HikariDataSource.getConnection(HikariDataSource.java:123)] HikariPool-1 - Start completed.
13:32:50.678 INFO  [main][LogHelper.logPersistenceUnitInformation(LogHelper.java:31)] HHH000204: Processing PersistenceUnitInfo [name: default]
13:32:50.727 INFO  [main][Version.logVersion(Version.java:44)] HHH000412: Hibernate ORM core version 5.6.10.Final
13:32:50.900 INFO  [main][Version.<clinit>(JavaReflectionManager.java:56)] HCANN000001: Hibernate Commons Annotations {5.1.2.Final}
13:32:51.024 INFO  [main][Dialect.<init>(Dialect.java:175)] HHH000400: Using dialect: org.hibernate.dialect.MySQL8Dialect
13:32:51.502 INFO  [main][JtaPlatformInitiator.initiateService(JtaPlatformInitiator.java:52)] HHH000490: Using JtaPlatform implementation: [org.hibernate.engine.transaction.jta.platform.internal.NoJtaPlatform]
13:32:51.509 INFO  [main][LocalContainerEntityManagerFactoryBean.buildNativeEntityManagerFactory(AbstractEntityManagerFactoryBean.java:437)] Initialized JPA EntityManagerFactory for persistence unit 'default'
13:32:52.048 WARN  [main][JpaBaseConfiguration$JpaWebConfiguration.openEntityManagerInViewInterceptor(JpaBaseConfiguration.java:219)] spring.jpa.open-in-view is enabled by default. Therefore, database queries may be performed during view rendering. Explicitly configure spring.jpa.open-in-view to disable this warning
13:32:52.183 INFO  [main][WelcomePageHandlerMapping.<init>(WelcomePageHandlerMapping.java:57)] Adding welcome page template: index
13:32:52.391 INFO  [main][Http11NioProtocol.log(DirectJDKLog.java:173)] Starting ProtocolHandler ["http-nio-8088"]
13:32:52.540 INFO  [main][TomcatWebServer.start(TomcatWebServer.java:220)] Tomcat started on port(s): 8088 (http) with context path ''
13:32:52.548 INFO  [main][QuestionnaireSystemApplication.logStarted(StartupInfoLogger.java:61)] Started QuestionnaireSystemApplication in 4.296 seconds (JVM running for 4.865)
13:32:57.513 INFO  [http-nio-8088-exec-1][[/].log(DirectJDKLog.java:173)] Initializing Spring DispatcherServlet 'dispatcherServlet'
13:32:57.513 INFO  [http-nio-8088-exec-1][DispatcherServlet.initServletBean(FrameworkServlet.java:525)] Initializing Servlet 'dispatcherServlet'
13:32:57.514 INFO  [http-nio-8088-exec-1][DispatcherServlet.initServletBean(FrameworkServlet.java:547)] Completed initialization in 1 ms
